{"meta": {"format": 3, "version": "7.12.0", "timestamp": "2025-12-14T23:49:34.372011", "branch_coverage": false, "show_contexts": false}, "files": {"paddleocr_toolkit\\__init__.py": {"executed_lines": [2, 25, 26, 29, 30, 33, 34, 37, 39, 65], "summary": {"covered_lines": 9, "num_statements": 18, "percent_covered": 50.0, "percent_covered_display": "50", "missing_lines": 9, "excluded_lines": 0, "percent_statements_covered": 50.0, "percent_statements_covered_display": "50"}, "missing_lines": [53, 54, 55, 57, 58, 59, 60, 61, 62], "excluded_lines": [], "functions": {"get_paddle_ocr_tool": {"executed_lines": [], "summary": {"covered_lines": 0, "num_statements": 9, "percent_covered": 0.0, "percent_covered_display": "0", "missing_lines": 9, "excluded_lines": 0, "percent_statements_covered": 0.0, "percent_statements_covered_display": "0"}, "missing_lines": [53, 54, 55, 57, 58, 59, 60, 61, 62], "excluded_lines": []}, "": {"executed_lines": [2, 25, 26, 29, 30, 33, 34, 37, 39, 65], "summary": {"covered_lines": 9, "num_statements": 9, "percent_covered": 100.0, "percent_covered_display": "100", "missing_lines": 0, "excluded_lines": 0, "percent_statements_covered": 100.0, "percent_statements_covered_display": "100"}, "missing_lines": [], "excluded_lines": []}}, "classes": {"": {"executed_lines": [2, 25, 26, 29, 30, 33, 34, 37, 39, 65], "summary": {"covered_lines": 9, "num_statements": 18, "percent_covered": 50.0, "percent_covered_display": "50", "missing_lines": 9, "excluded_lines": 0, "percent_statements_covered": 50.0, "percent_statements_covered_display": "50"}, "missing_lines": [53, 54, 55, 57, 58, 59, 60, 61, 62], "excluded_lines": []}}}, "paddleocr_toolkit\\__main__.py": {"executed_lines": [], "summary": {"covered_lines": 0, "num_statements": 8, "percent_covered": 0.0, "percent_covered_display": "0", "missing_lines": 8, "excluded_lines": 0, "percent_statements_covered": 0.0, "percent_statements_covered_display": "0"}, "missing_lines": [10, 11, 14, 15, 16, 19, 21, 22], "excluded_lines": [], "functions": {"": {"executed_lines": [], "summary": {"covered_lines": 0, "num_statements": 8, "percent_covered": 0.0, "percent_covered_display": "0", "missing_lines": 8, "excluded_lines": 0, "percent_statements_covered": 0.0, "percent_statements_covered_display": "0"}, "missing_lines": [10, 11, 14, 15, 16, 19, 21, 22], "excluded_lines": []}}, "classes": {"": {"executed_lines": [], "summary": {"covered_lines": 0, "num_statements": 8, "percent_covered": 0.0, "percent_covered_display": "0", "missing_lines": 8, "excluded_lines": 0, "percent_statements_covered": 0.0, "percent_statements_covered_display": "0"}, "missing_lines": [10, 11, 14, 15, 16, 19, 21, 22], "excluded_lines": []}}}, "paddleocr_toolkit\\cli\\__init__.py": {"executed_lines": [2, 12, 13, 14, 15, 17], "summary": {"covered_lines": 5, "num_statements": 5, "percent_covered": 100.0, "percent_covered_display": "100", "missing_lines": 0, "excluded_lines": 0, "percent_statements_covered": 100.0, "percent_statements_covered_display": "100"}, "missing_lines": [], "excluded_lines": [], "functions": {"": {"executed_lines": [2, 12, 13, 14, 15, 17], "summary": {"covered_lines": 5, "num_statements": 5, "percent_covered": 100.0, "percent_covered_display": "100", "missing_lines": 0, "excluded_lines": 0, "percent_statements_covered": 100.0, "percent_statements_covered_display": "100"}, "missing_lines": [], "excluded_lines": []}}, "classes": {"": {"executed_lines": [2, 12, 13, 14, 15, 17], "summary": {"covered_lines": 5, "num_statements": 5, "percent_covered": 100.0, "percent_covered_display": "100", "missing_lines": 0, "excluded_lines": 0, "percent_statements_covered": 100.0, "percent_statements_covered_display": "100"}, "missing_lines": [], "excluded_lines": []}}}, "paddleocr_toolkit\\cli\\argument_parser.py": {"executed_lines": [2, 8, 9, 12, 22, 54, 60, 69, 75, 81, 88, 95, 101, 108, 117, 123, 132, 138, 147, 154, 164, 174, 181, 191, 198, 205, 213, 219, 225, 231, 237, 245, 247, 253, 260, 267, 274, 281, 287, 293, 301, 307, 314, 320], "summary": {"covered_lines": 43, "num_statements": 43, "percent_covered": 100.0, "percent_covered_display": "100", "missing_lines": 0, "excluded_lines": 0, "percent_statements_covered": 100.0, "percent_statements_covered_display": "100"}, "missing_lines": [], "excluded_lines": [], "functions": {"create_argument_parser": {"executed_lines": [22, 54, 60, 69, 75, 81, 88, 95, 101, 108, 117, 123, 132, 138, 147, 154, 164, 174, 181, 191, 198, 205, 213, 219, 225, 231, 237, 245, 247, 253, 260, 267, 274, 281, 287, 293, 301, 307, 314, 320], "summary": {"covered_lines": 40, "num_statements": 40, "percent_covered": 100.0, "percent_covered_display": "100", "missing_lines": 0, "excluded_lines": 0, "percent_statements_covered": 100.0, "percent_statements_covered_display": "100"}, "missing_lines": [], "excluded_lines": []}, "": {"executed_lines": [2, 8, 9, 12], "summary": {"covered_lines": 3, "num_statements": 3, "percent_covered": 100.0, "percent_covered_display": "100", "missing_lines": 0, "excluded_lines": 0, "percent_statements_covered": 100.0, "percent_statements_covered_display": "100"}, "missing_lines": [], "excluded_lines": []}}, "classes": {"": {"executed_lines": [2, 8, 9, 12, 22, 54, 60, 69, 75, 81, 88, 95, 101, 108, 117, 123, 132, 138, 147, 154, 164, 174, 181, 191, 198, 205, 213, 219, 225, 231, 237, 245, 247, 253, 260, 267, 274, 281, 287, 293, 301, 307, 314, 320], "summary": {"covered_lines": 43, "num_statements": 43, "percent_covered": 100.0, "percent_covered_display": "100", "missing_lines": 0, "excluded_lines": 0, "percent_statements_covered": 100.0, "percent_statements_covered_display": "100"}, "missing_lines": [], "excluded_lines": []}}}, "paddleocr_toolkit\\cli\\config_handler.py": {"executed_lines": [2, 8, 9, 10, 11, 14, 31, 38, 41, 52, 53, 56, 70, 73, 75, 78, 87, 88, 89, 90, 91, 92, 93, 94, 96, 99, 108, 109, 110, 111, 112, 113, 115], "summary": {"covered_lines": 32, "num_statements": 32, "percent_covered": 100.0, "percent_covered_display": "100", "missing_lines": 0, "excluded_lines": 0, "percent_statements_covered": 100.0, "percent_statements_covered_display": "100"}, "missing_lines": [], "excluded_lines": [], "functions": {"load_and_merge_config": {"executed_lines": [31, 38], "summary": {"covered_lines": 2, "num_statements": 2, "percent_covered": 100.0, "percent_covered_display": "100", "missing_lines": 0, "excluded_lines": 0, "percent_statements_covered": 100.0, "percent_statements_covered_display": "100"}, "missing_lines": [], "excluded_lines": []}, "load_config_file": {"executed_lines": [52, 53], "summary": {"covered_lines": 2, "num_statements": 2, "percent_covered": 100.0, "percent_covered_display": "100", "missing_lines": 0, "excluded_lines": 0, "percent_statements_covered": 100.0, "percent_statements_covered_display": "100"}, "missing_lines": [], "excluded_lines": []}, "process_args_overrides": {"executed_lines": [70, 73, 75], "summary": {"covered_lines": 3, "num_statements": 3, "percent_covered": 100.0, "percent_covered_display": "100", "missing_lines": 0, "excluded_lines": 0, "percent_statements_covered": 100.0, "percent_statements_covered_display": "100"}, "missing_lines": [], "excluded_lines": []}, "_process_no_flags": {"executed_lines": [87, 88, 89, 90, 91, 92, 93, 94, 96], "summary": {"covered_lines": 9, "num_statements": 9, "percent_covered": 100.0, "percent_covered_display": "100", "missing_lines": 0, "excluded_lines": 0, "percent_statements_covered": 100.0, "percent_statements_covered_display": "100"}, "missing_lines": [], "excluded_lines": []}, "_process_all_flag": {"executed_lines": [108, 109, 110, 111, 112, 113, 115], "summary": {"covered_lines": 7, "num_statements": 7, "percent_covered": 100.0, "percent_covered_display": "100", "missing_lines": 0, "excluded_lines": 0, "percent_statements_covered": 100.0, "percent_statements_covered_display": "100"}, "missing_lines": [], "excluded_lines": []}, "": {"executed_lines": [2, 8, 9, 10, 11, 14, 41, 56, 78, 99], "summary": {"covered_lines": 9, "num_statements": 9, "percent_covered": 100.0, "percent_covered_display": "100", "missing_lines": 0, "excluded_lines": 0, "percent_statements_covered": 100.0, "percent_statements_covered_display": "100"}, "missing_lines": [], "excluded_lines": []}}, "classes": {"": {"executed_lines": [2, 8, 9, 10, 11, 14, 31, 38, 41, 52, 53, 56, 70, 73, 75, 78, 87, 88, 89, 90, 91, 92, 93, 94, 96, 99, 108, 109, 110, 111, 112, 113, 115], "summary": {"covered_lines": 32, "num_statements": 32, "percent_covered": 100.0, "percent_covered_display": "100", "missing_lines": 0, "excluded_lines": 0, "percent_statements_covered": 100.0, "percent_statements_covered_display": "100"}, "missing_lines": [], "excluded_lines": []}}}, "paddleocr_toolkit\\cli\\mode_processor.py": {"executed_lines": [2, 8, 9, 10, 11, 13, 17, 18, 21, 22, 27, 36, 37, 38, 39, 40, 42, 48, 49, 50, 51, 52, 53, 55, 57, 63, 68, 69, 71, 72, 73, 75, 77, 83, 91, 94, 95, 96, 97, 98, 99, 100, 101, 102, 104, 106, 113, 116, 118, 125, 126, 131, 132, 133, 134, 135, 136, 138, 157, 160, 161, 162, 163, 165, 167, 169, 170, 171, 172, 174, 176, 182, 192, 195, 196, 197, 198, 201, 203, 209, 212, 214, 221, 222, 223, 224, 226, 228, 236, 237, 238, 239, 241, 243, 245, 247, 253, 254, 255, 258, 259, 262, 264, 266, 267, 268, 271, 272, 273, 276, 277, 278, 279, 280, 282, 284], "summary": {"covered_lines": 113, "num_statements": 128, "percent_covered": 88.28125, "percent_covered_display": "88", "missing_lines": 15, "excluded_lines": 2, "percent_statements_covered": 88.28125, "percent_statements_covered_display": "88"}, "missing_lines": [92, 114, 127, 128, 129, 158, 164, 166, 168, 193, 199, 248, 249, 250, 251], "excluded_lines": [13, 14], "functions": {"ModeProcessor.__init__": {"executed_lines": [36, 37, 38, 39, 40], "summary": {"covered_lines": 5, "num_statements": 5, "percent_covered": 100.0, "percent_covered_display": "100", "missing_lines": 0, "excluded_lines": 0, "percent_statements_covered": 100.0, "percent_statements_covered_display": "100"}, "missing_lines": [], "excluded_lines": []}, "ModeProcessor.process": {"executed_lines": [48, 49, 50, 51, 52, 53, 55], "summary": {"covered_lines": 7, "num_statements": 7, "percent_covered": 100.0, "percent_covered_display": "100", "missing_lines": 0, "excluded_lines": 0, "percent_statements_covered": 100.0, "percent_statements_covered_display": "100"}, "missing_lines": [], "excluded_lines": []}, "ModeProcessor._process_formula": {"executed_lines": [63, 68, 69, 71, 72, 73, 75], "summary": {"covered_lines": 7, "num_statements": 7, "percent_covered": 100.0, "percent_covered_display": "100", "missing_lines": 0, "excluded_lines": 0, "percent_statements_covered": 100.0, "percent_statements_covered_display": "100"}, "missing_lines": [], "excluded_lines": []}, "ModeProcessor._process_structured": {"executed_lines": [83, 91, 94, 95, 96, 97, 98, 99, 100, 101, 102, 104], "summary": {"covered_lines": 12, "num_statements": 13, "percent_covered": 92.3076923076923, "percent_covered_display": "92", "missing_lines": 1, "excluded_lines": 0, "percent_statements_covered": 92.3076923076923, "percent_statements_covered_display": "92"}, "missing_lines": [92], "excluded_lines": []}, "ModeProcessor._process_hybrid": {"executed_lines": [113, 116], "summary": {"covered_lines": 2, "num_statements": 3, "percent_covered": 66.66666666666667, "percent_covered_display": "67", "missing_lines": 1, "excluded_lines": 0, "percent_statements_covered": 66.66666666666667, "percent_statements_covered_display": "67"}, "missing_lines": [114], "excluded_lines": []}, "ModeProcessor._process_hybrid_with_translation": {"executed_lines": [125, 126, 131, 132, 133, 134, 135, 136, 138, 157, 160, 161, 162, 163, 165, 167, 169, 170, 171, 172, 174], "summary": {"covered_lines": 21, "num_statements": 28, "percent_covered": 75.0, "percent_covered_display": "75", "missing_lines": 7, "excluded_lines": 0, "percent_statements_covered": 75.0, "percent_statements_covered_display": "75"}, "missing_lines": [127, 128, 129, 158, 164, 166, 168], "excluded_lines": []}, "ModeProcessor._process_hybrid_normal": {"executed_lines": [182, 192, 195, 196, 197, 198, 201], "summary": {"covered_lines": 7, "num_statements": 9, "percent_covered": 77.77777777777777, "percent_covered_display": "78", "missing_lines": 2, "excluded_lines": 0, "percent_statements_covered": 77.77777777777777, "percent_statements_covered_display": "78"}, "missing_lines": [193, 199], "excluded_lines": []}, "ModeProcessor._process_basic": {"executed_lines": [209, 212, 214, 221, 222, 223, 224, 226, 228, 236, 237, 238, 239, 241, 243, 245, 247, 253, 254, 255, 258, 259, 262, 264, 266, 267, 268, 271, 272, 273, 276, 277, 278, 279, 280, 282, 284], "summary": {"covered_lines": 37, "num_statements": 41, "percent_covered": 90.2439024390244, "percent_covered_display": "90", "missing_lines": 4, "excluded_lines": 0, "percent_statements_covered": 90.2439024390244, "percent_statements_covered_display": "90"}, "missing_lines": [248, 249, 250, 251], "excluded_lines": []}, "": {"executed_lines": [2, 8, 9, 10, 11, 13, 17, 18, 21, 22, 27, 42, 57, 77, 106, 118, 176, 203], "summary": {"covered_lines": 15, "num_statements": 15, "percent_covered": 100.0, "percent_covered_display": "100", "missing_lines": 0, "excluded_lines": 2, "percent_statements_covered": 100.0, "percent_statements_covered_display": "100"}, "missing_lines": [], "excluded_lines": [13, 14]}}, "classes": {"ModeProcessor": {"executed_lines": [36, 37, 38, 39, 40, 48, 49, 50, 51, 52, 53, 55, 63, 68, 69, 71, 72, 73, 75, 83, 91, 94, 95, 96, 97, 98, 99, 100, 101, 102, 104, 113, 116, 125, 126, 131, 132, 133, 134, 135, 136, 138, 157, 160, 161, 162, 163, 165, 167, 169, 170, 171, 172, 174, 182, 192, 195, 196, 197, 198, 201, 209, 212, 214, 221, 222, 223, 224, 226, 228, 236, 237, 238, 239, 241, 243, 245, 247, 253, 254, 255, 258, 259, 262, 264, 266, 267, 268, 271, 272, 273, 276, 277, 278, 279, 280, 282, 284], "summary": {"covered_lines": 98, "num_statements": 113, "percent_covered": 86.72566371681415, "percent_covered_display": "87", "missing_lines": 15, "excluded_lines": 0, "percent_statements_covered": 86.72566371681415, "percent_statements_covered_display": "87"}, "missing_lines": [92, 114, 127, 128, 129, 158, 164, 166, 168, 193, 199, 248, 249, 250, 251], "excluded_lines": []}, "": {"executed_lines": [2, 8, 9, 10, 11, 13, 17, 18, 21, 22, 27, 42, 57, 77, 106, 118, 176, 203], "summary": {"covered_lines": 15, "num_statements": 15, "percent_covered": 100.0, "percent_covered_display": "100", "missing_lines": 0, "excluded_lines": 2, "percent_statements_covered": 100.0, "percent_statements_covered_display": "100"}, "missing_lines": [], "excluded_lines": [13, 14]}}}, "paddleocr_toolkit\\cli\\output_manager.py": {"executed_lines": [2, 8, 9, 10, 13, 14, 19, 26, 27, 28, 29, 31, 40, 41, 42, 44, 53, 54, 55, 57, 66, 67, 70, 79, 80, 83, 92, 93, 96, 105, 106, 109, 118, 119, 122, 137, 138, 139, 140, 141, 142, 144, 146, 148, 155, 156, 159, 160, 161, 162, 164, 166, 173, 174, 177, 178, 179, 180, 181, 183, 185, 192, 193, 194, 196, 197, 200, 201, 202, 203, 205, 207, 214, 215, 216, 217, 218, 220, 224, 225, 226, 228, 230, 236, 237, 239, 240, 241, 242, 243, 244, 246, 248, 250, 251, 253, 255, 257, 259, 260, 261, 262, 264, 266, 267, 268, 269], "summary": {"covered_lines": 105, "num_statements": 113, "percent_covered": 92.92035398230088, "percent_covered_display": "93", "missing_lines": 8, "excluded_lines": 0, "percent_statements_covered": 92.92035398230088, "percent_statements_covered_display": "93"}, "missing_lines": [68, 81, 94, 107, 120, 195, 219, 221], "excluded_lines": [], "functions": {"OutputPathManager.__init__": {"executed_lines": [26, 27, 28, 29], "summary": {"covered_lines": 4, "num_statements": 4, "percent_covered": 100.0, "percent_covered_display": "100", "missing_lines": 0, "excluded_lines": 0, "percent_statements_covered": 100.0, "percent_statements_covered_display": "100"}, "missing_lines": [], "excluded_lines": []}, "OutputPathManager.get_searchable_pdf_path": {"executed_lines": [40, 41, 42], "summary": {"covered_lines": 3, "num_statements": 3, "percent_covered": 100.0, "percent_covered_display": "100", "missing_lines": 0, "excluded_lines": 0, "percent_statements_covered": 100.0, "percent_statements_covered_display": "100"}, "missing_lines": [], "excluded_lines": []}, "OutputPathManager.get_text_output_path": {"executed_lines": [53, 54, 55], "summary": {"covered_lines": 3, "num_statements": 3, "percent_covered": 100.0, "percent_covered_display": "100", "missing_lines": 0, "excluded_lines": 0, "percent_statements_covered": 100.0, "percent_statements_covered_display": "100"}, "missing_lines": [], "excluded_lines": []}, "OutputPathManager.get_markdown_output_path": {"executed_lines": [66, 67], "summary": {"covered_lines": 2, "num_statements": 3, "percent_covered": 66.66666666666667, "percent_covered_display": "67", "missing_lines": 1, "excluded_lines": 0, "percent_statements_covered": 66.66666666666667, "percent_statements_covered_display": "67"}, "missing_lines": [68], "excluded_lines": []}, "OutputPathManager.get_json_output_path": {"executed_lines": [79, 80], "summary": {"covered_lines": 2, "num_statements": 3, "percent_covered": 66.66666666666667, "percent_covered_display": "67", "missing_lines": 1, "excluded_lines": 0, "percent_statements_covered": 66.66666666666667, "percent_statements_covered_display": "67"}, "missing_lines": [81], "excluded_lines": []}, "OutputPathManager.get_html_output_path": {"executed_lines": [92, 93], "summary": {"covered_lines": 2, "num_statements": 3, "percent_covered": 66.66666666666667, "percent_covered_display": "67", "missing_lines": 1, "excluded_lines": 0, "percent_statements_covered": 66.66666666666667, "percent_statements_covered_display": "67"}, "missing_lines": [94], "excluded_lines": []}, "OutputPathManager.get_excel_output_path": {"executed_lines": [105, 106], "summary": {"covered_lines": 2, "num_statements": 3, "percent_covered": 66.66666666666667, "percent_covered_display": "67", "missing_lines": 1, "excluded_lines": 0, "percent_statements_covered": 66.66666666666667, "percent_statements_covered_display": "67"}, "missing_lines": [107], "excluded_lines": []}, "OutputPathManager.get_latex_output_path": {"executed_lines": [118, 119], "summary": {"covered_lines": 2, "num_statements": 3, "percent_covered": 66.66666666666667, "percent_covered_display": "67", "missing_lines": 1, "excluded_lines": 0, "percent_statements_covered": 66.66666666666667, "percent_statements_covered_display": "67"}, "missing_lines": [120], "excluded_lines": []}, "OutputPathManager.process_mode_outputs": {"executed_lines": [137, 138, 139, 140, 141, 142, 144, 146], "summary": {"covered_lines": 8, "num_statements": 8, "percent_covered": 100.0, "percent_covered_display": "100", "missing_lines": 0, "excluded_lines": 0, "percent_statements_covered": 100.0, "percent_statements_covered_display": "100"}, "missing_lines": [], "excluded_lines": []}, "OutputPathManager._process_basic_mode_outputs": {"executed_lines": [155, 156, 159, 160, 161, 162, 164], "summary": {"covered_lines": 7, "num_statements": 7, "percent_covered": 100.0, "percent_covered_display": "100", "missing_lines": 0, "excluded_lines": 0, "percent_statements_covered": 100.0, "percent_statements_covered_display": "100"}, "missing_lines": [], "excluded_lines": []}, "OutputPathManager._process_formula_mode_outputs": {"executed_lines": [173, 174, 177, 178, 179, 180, 181, 183], "summary": {"covered_lines": 8, "num_statements": 8, "percent_covered": 100.0, "percent_covered_display": "100", "missing_lines": 0, "excluded_lines": 0, "percent_statements_covered": 100.0, "percent_statements_covered_display": "100"}, "missing_lines": [], "excluded_lines": []}, "OutputPathManager._process_hybrid_mode_outputs": {"executed_lines": [192, 193, 194, 196, 197, 200, 201, 202, 203, 205], "summary": {"covered_lines": 10, "num_statements": 11, "percent_covered": 90.9090909090909, "percent_covered_display": "91", "missing_lines": 1, "excluded_lines": 0, "percent_statements_covered": 90.9090909090909, "percent_statements_covered_display": "91"}, "missing_lines": [195], "excluded_lines": []}, "OutputPathManager._process_structure_mode_outputs": {"executed_lines": [214, 215, 216, 217, 218, 220, 224, 225, 226, 228], "summary": {"covered_lines": 10, "num_statements": 12, "percent_covered": 83.33333333333333, "percent_covered_display": "83", "missing_lines": 2, "excluded_lines": 0, "percent_statements_covered": 83.33333333333333, "percent_statements_covered_display": "83"}, "missing_lines": [219, 221], "excluded_lines": []}, "OutputPathManager.print_output_summary": {"executed_lines": [236, 237, 239, 240, 241, 242, 243, 244, 246], "summary": {"covered_lines": 9, "num_statements": 9, "percent_covered": 100.0, "percent_covered_display": "100", "missing_lines": 0, "excluded_lines": 0, "percent_statements_covered": 100.0, "percent_statements_covered_display": "100"}, "missing_lines": [], "excluded_lines": []}, "OutputPathManager._print_basic_mode_summary": {"executed_lines": [250, 251], "summary": {"covered_lines": 2, "num_statements": 2, "percent_covered": 100.0, "percent_covered_display": "100", "missing_lines": 0, "excluded_lines": 0, "percent_statements_covered": 100.0, "percent_statements_covered_display": "100"}, "missing_lines": [], "excluded_lines": []}, "OutputPathManager._print_formula_mode_summary": {"executed_lines": [255], "summary": {"covered_lines": 1, "num_statements": 1, "percent_covered": 100.0, "percent_covered_display": "100", "missing_lines": 0, "excluded_lines": 0, "percent_statements_covered": 100.0, "percent_statements_covered_display": "100"}, "missing_lines": [], "excluded_lines": []}, "OutputPathManager._print_hybrid_mode_summary": {"executed_lines": [259, 260, 261, 262], "summary": {"covered_lines": 4, "num_statements": 4, "percent_covered": 100.0, "percent_covered_display": "100", "missing_lines": 0, "excluded_lines": 0, "percent_statements_covered": 100.0, "percent_statements_covered_display": "100"}, "missing_lines": [], "excluded_lines": []}, "OutputPathManager._print_structure_mode_summary": {"executed_lines": [266, 267, 268, 269], "summary": {"covered_lines": 4, "num_statements": 4, "percent_covered": 100.0, "percent_covered_display": "100", "missing_lines": 0, "excluded_lines": 0, "percent_statements_covered": 100.0, "percent_statements_covered_display": "100"}, "missing_lines": [], "excluded_lines": []}, "": {"executed_lines": [2, 8, 9, 10, 13, 14, 19, 31, 44, 57, 70, 83, 96, 109, 122, 148, 166, 185, 207, 230, 248, 253, 257, 264], "summary": {"covered_lines": 22, "num_statements": 22, "percent_covered": 100.0, "percent_covered_display": "100", "missing_lines": 0, "excluded_lines": 0, "percent_statements_covered": 100.0, "percent_statements_covered_display": "100"}, "missing_lines": [], "excluded_lines": []}}, "classes": {"OutputPathManager": {"executed_lines": [26, 27, 28, 29, 40, 41, 42, 53, 54, 55, 66, 67, 79, 80, 92, 93, 105, 106, 118, 119, 137, 138, 139, 140, 141, 142, 144, 146, 155, 156, 159, 160, 161, 162, 164, 173, 174, 177, 178, 179, 180, 181, 183, 192, 193, 194, 196, 197, 200, 201, 202, 203, 205, 214, 215, 216, 217, 218, 220, 224, 225, 226, 228, 236, 237, 239, 240, 241, 242, 243, 244, 246, 250, 251, 255, 259, 260, 261, 262, 266, 267, 268, 269], "summary": {"covered_lines": 83, "num_statements": 91, "percent_covered": 91.20879120879121, "percent_covered_display": "91", "missing_lines": 8, "excluded_lines": 0, "percent_statements_covered": 91.20879120879121, "percent_statements_covered_display": "91"}, "missing_lines": [68, 81, 94, 107, 120, 195, 219, 221], "excluded_lines": []}, "": {"executed_lines": [2, 8, 9, 10, 13, 14, 19, 31, 44, 57, 70, 83, 96, 109, 122, 148, 166, 185, 207, 230, 248, 253, 257, 264], "summary": {"covered_lines": 22, "num_statements": 22, "percent_covered": 100.0, "percent_covered_display": "100", "missing_lines": 0, "excluded_lines": 0, "percent_statements_covered": 100.0, "percent_statements_covered_display": "100"}, "missing_lines": [], "excluded_lines": []}}}, "paddleocr_toolkit\\core\\__init__.py": {"executed_lines": [2, 4, 5, 6, 17, 26, 27, 33, 39, 43, 69, 70], "summary": {"covered_lines": 11, "num_statements": 13, "percent_covered": 84.61538461538461, "percent_covered_display": "85", "missing_lines": 2, "excluded_lines": 0, "percent_statements_covered": 84.61538461538461, "percent_statements_covered_display": "85"}, "missing_lines": [40, 41], "excluded_lines": [], "functions": {"": {"executed_lines": [2, 4, 5, 6, 17, 26, 27, 33, 39, 43, 69, 70], "summary": {"covered_lines": 11, "num_statements": 13, "percent_covered": 84.61538461538461, "percent_covered_display": "85", "missing_lines": 2, "excluded_lines": 0, "percent_statements_covered": 84.61538461538461, "percent_statements_covered_display": "85"}, "missing_lines": [40, 41], "excluded_lines": []}}, "classes": {"": {"executed_lines": [2, 4, 5, 6, 17, 26, 27, 33, 39, 43, 69, 70], "summary": {"covered_lines": 11, "num_statements": 13, "percent_covered": 84.61538461538461, "percent_covered_display": "85", "missing_lines": 2, "excluded_lines": 0, "percent_statements_covered": 84.61538461538461, "percent_statements_covered_display": "85"}, "missing_lines": [40, 41], "excluded_lines": []}}}, "paddleocr_toolkit\\core\\buffered_writer.py": {"executed_lines": [2, 8, 9, 12, 13, 22, 36, 37, 38, 39, 40, 42, 44, 50, 52, 59, 62, 63, 65, 72, 73, 75, 77, 78, 79, 81, 83, 84, 85, 88, 89, 95, 109, 110, 111, 112, 113, 114, 116, 118, 124, 125, 127, 134, 136, 137, 139, 141, 142, 144, 146, 147, 148, 150, 152, 154, 155, 156, 160, 162, 164, 165, 166, 167, 170, 183, 184, 187], "summary": {"covered_lines": 65, "num_statements": 69, "percent_covered": 94.20289855072464, "percent_covered_display": "94", "missing_lines": 4, "excluded_lines": 0, "percent_statements_covered": 94.20289855072464, "percent_statements_covered_display": "94"}, "missing_lines": [158, 200, 201, 202], "excluded_lines": [], "functions": {"BufferedWriter.__init__": {"executed_lines": [36, 37, 38, 39, 40], "summary": {"covered_lines": 5, "num_statements": 5, "percent_covered": 100.0, "percent_covered_display": "100", "missing_lines": 0, "excluded_lines": 0, "percent_statements_covered": 100.0, "percent_statements_covered_display": "100"}, "missing_lines": [], "excluded_lines": []}, "BufferedWriter.__enter__": {"executed_lines": [44, 50], "summary": {"covered_lines": 2, "num_statements": 2, "percent_covered": 100.0, "percent_covered_display": "100", "missing_lines": 0, "excluded_lines": 0, "percent_statements_covered": 100.0, "percent_statements_covered_display": "100"}, "missing_lines": [], "excluded_lines": []}, "BufferedWriter.write": {"executed_lines": [59, 62, 63], "summary": {"covered_lines": 3, "num_statements": 3, "percent_covered": 100.0, "percent_covered_display": "100", "missing_lines": 0, "excluded_lines": 0, "percent_statements_covered": 100.0, "percent_statements_covered_display": "100"}, "missing_lines": [], "excluded_lines": []}, "BufferedWriter.writelines": {"executed_lines": [72, 73], "summary": {"covered_lines": 2, "num_statements": 2, "percent_covered": 100.0, "percent_covered_display": "100", "missing_lines": 0, "excluded_lines": 0, "percent_statements_covered": 100.0, "percent_statements_covered_display": "100"}, "missing_lines": [], "excluded_lines": []}, "BufferedWriter.flush": {"executed_lines": [77, 78, 79], "summary": {"covered_lines": 3, "num_statements": 3, "percent_covered": 100.0, "percent_covered_display": "100", "missing_lines": 0, "excluded_lines": 0, "percent_statements_covered": 100.0, "percent_statements_covered_display": "100"}, "missing_lines": [], "excluded_lines": []}, "BufferedWriter.__exit__": {"executed_lines": [83, 84, 85], "summary": {"covered_lines": 3, "num_statements": 3, "percent_covered": 100.0, "percent_covered_display": "100", "missing_lines": 0, "excluded_lines": 0, "percent_statements_covered": 100.0, "percent_statements_covered_display": "100"}, "missing_lines": [], "excluded_lines": []}, "BufferedJSONWriter.__init__": {"executed_lines": [109, 110, 111, 112, 113, 114], "summary": {"covered_lines": 6, "num_statements": 6, "percent_covered": 100.0, "percent_covered_display": "100", "missing_lines": 0, "excluded_lines": 0, "percent_statements_covered": 100.0, "percent_statements_covered_display": "100"}, "missing_lines": [], "excluded_lines": []}, "BufferedJSONWriter.__enter__": {"executed_lines": [118, 124, 125], "summary": {"covered_lines": 3, "num_statements": 3, "percent_covered": 100.0, "percent_covered_display": "100", "missing_lines": 0, "excluded_lines": 0, "percent_statements_covered": 100.0, "percent_statements_covered_display": "100"}, "missing_lines": [], "excluded_lines": []}, "BufferedJSONWriter.write": {"executed_lines": [134, 136, 137], "summary": {"covered_lines": 3, "num_statements": 3, "percent_covered": 100.0, "percent_covered_display": "100", "missing_lines": 0, "excluded_lines": 0, "percent_statements_covered": 100.0, "percent_statements_covered_display": "100"}, "missing_lines": [], "excluded_lines": []}, "BufferedJSONWriter.flush": {"executed_lines": [141, 142, 144, 146, 147, 148, 150, 152, 154, 155, 156, 160], "summary": {"covered_lines": 12, "num_statements": 13, "percent_covered": 92.3076923076923, "percent_covered_display": "92", "missing_lines": 1, "excluded_lines": 0, "percent_statements_covered": 92.3076923076923, "percent_statements_covered_display": "92"}, "missing_lines": [158], "excluded_lines": []}, "BufferedJSONWriter.__exit__": {"executed_lines": [164, 165, 166, 167], "summary": {"covered_lines": 4, "num_statements": 4, "percent_covered": 100.0, "percent_covered_display": "100", "missing_lines": 0, "excluded_lines": 0, "percent_statements_covered": 100.0, "percent_statements_covered_display": "100"}, "missing_lines": [], "excluded_lines": []}, "write_text_efficient": {"executed_lines": [183, 184], "summary": {"covered_lines": 2, "num_statements": 2, "percent_covered": 100.0, "percent_covered_display": "100", "missing_lines": 0, "excluded_lines": 0, "percent_statements_covered": 100.0, "percent_statements_covered_display": "100"}, "missing_lines": [], "excluded_lines": []}, "write_json_efficient": {"executed_lines": [], "summary": {"covered_lines": 0, "num_statements": 3, "percent_covered": 0.0, "percent_covered_display": "0", "missing_lines": 3, "excluded_lines": 0, "percent_statements_covered": 0.0, "percent_statements_covered_display": "0"}, "missing_lines": [200, 201, 202], "excluded_lines": []}, "": {"executed_lines": [2, 8, 9, 12, 13, 22, 42, 52, 65, 75, 81, 88, 89, 95, 116, 127, 139, 162, 170, 187], "summary": {"covered_lines": 17, "num_statements": 17, "percent_covered": 100.0, "percent_covered_display": "100", "missing_lines": 0, "excluded_lines": 0, "percent_statements_covered": 100.0, "percent_statements_covered_display": "100"}, "missing_lines": [], "excluded_lines": []}}, "classes": {"BufferedWriter": {"executed_lines": [36, 37, 38, 39, 40, 44, 50, 59, 62, 63, 72, 73, 77, 78, 79, 83, 84, 85], "summary": {"covered_lines": 18, "num_statements": 18, "percent_covered": 100.0, "percent_covered_display": "100", "missing_lines": 0, "excluded_lines": 0, "percent_statements_covered": 100.0, "percent_statements_covered_display": "100"}, "missing_lines": [], "excluded_lines": []}, "BufferedJSONWriter": {"executed_lines": [109, 110, 111, 112, 113, 114, 118, 124, 125, 134, 136, 137, 141, 142, 144, 146, 147, 148, 150, 152, 154, 155, 156, 160, 164, 165, 166, 167], "summary": {"covered_lines": 28, "num_statements": 29, "percent_covered": 96.55172413793103, "percent_covered_display": "97", "missing_lines": 1, "excluded_lines": 0, "percent_statements_covered": 96.55172413793103, "percent_statements_covered_display": "97"}, "missing_lines": [158], "excluded_lines": []}, "": {"executed_lines": [2, 8, 9, 12, 13, 22, 42, 52, 65, 75, 81, 88, 89, 95, 116, 127, 139, 162, 170, 183, 184, 187], "summary": {"covered_lines": 19, "num_statements": 22, "percent_covered": 86.36363636363636, "percent_covered_display": "86", "missing_lines": 3, "excluded_lines": 0, "percent_statements_covered": 86.36363636363636, "percent_statements_covered_display": "86"}, "missing_lines": [200, 201, 202], "excluded_lines": []}}}, "paddleocr_toolkit\\core\\config_loader.py": {"executed_lines": [2, 8, 9, 10, 11, 13, 14, 15, 21, 53, 64, 66, 67, 68, 70, 72, 75, 91, 93, 98, 100, 101, 103, 110, 111, 112, 113, 114, 116, 117, 118, 119, 128, 139, 140, 141, 142, 143, 144, 145, 148, 149, 150, 153, 154, 155, 156, 157, 160, 161, 163, 165, 167, 169, 173, 189, 190, 192, 193, 194, 196, 198, 201, 212, 216, 217, 218, 220, 221, 223, 224], "summary": {"covered_lines": 70, "num_statements": 88, "percent_covered": 79.54545454545455, "percent_covered_display": "80", "missing_lines": 18, "excluded_lines": 0, "percent_statements_covered": 79.54545454545455, "percent_statements_covered_display": "80"}, "missing_lines": [16, 17, 94, 95, 121, 122, 124, 125, 162, 164, 166, 168, 170, 213, 214, 226, 227, 228], "excluded_lines": [], "functions": {"deep_merge": {"executed_lines": [64, 66, 67, 68, 70, 72], "summary": {"covered_lines": 6, "num_statements": 6, "percent_covered": 100.0, "percent_covered_display": "100", "missing_lines": 0, "excluded_lines": 0, "percent_statements_covered": 100.0, "percent_statements_covered_display": "100"}, "missing_lines": [], "excluded_lines": []}, "load_config": {"executed_lines": [91, 93, 98, 100, 101, 103, 110, 111, 112, 113, 114, 116, 117, 118, 119], "summary": {"covered_lines": 15, "num_statements": 21, "percent_covered": 71.42857142857143, "percent_covered_display": "71", "missing_lines": 6, "excluded_lines": 0, "percent_statements_covered": 71.42857142857143, "percent_statements_covered_display": "71"}, "missing_lines": [94, 95, 121, 122, 124, 125], "excluded_lines": []}, "apply_config_to_args": {"executed_lines": [139, 140, 141, 142, 143, 144, 145, 148, 149, 150, 153, 154, 155, 156, 157, 160, 161, 163, 165, 167, 169], "summary": {"covered_lines": 21, "num_statements": 26, "percent_covered": 80.76923076923077, "percent_covered_display": "81", "missing_lines": 5, "excluded_lines": 0, "percent_statements_covered": 80.76923076923077, "percent_statements_covered_display": "81"}, "missing_lines": [162, 164, 166, 168, 170], "excluded_lines": []}, "get_config_value": {"executed_lines": [189, 190, 192, 193, 194, 196, 198], "summary": {"covered_lines": 7, "num_statements": 7, "percent_covered": 100.0, "percent_covered_display": "100", "missing_lines": 0, "excluded_lines": 0, "percent_statements_covered": 100.0, "percent_statements_covered_display": "100"}, "missing_lines": [], "excluded_lines": []}, "save_config": {"executed_lines": [212, 216, 217, 218, 220, 221, 223, 224], "summary": {"covered_lines": 8, "num_statements": 13, "percent_covered": 61.53846153846154, "percent_covered_display": "62", "missing_lines": 5, "excluded_lines": 0, "percent_statements_covered": 61.53846153846154, "percent_statements_covered_display": "62"}, "missing_lines": [213, 214, 226, 227, 228], "excluded_lines": []}, "": {"executed_lines": [2, 8, 9, 10, 11, 13, 14, 15, 21, 53, 75, 128, 173, 201], "summary": {"covered_lines": 13, "num_statements": 15, "percent_covered": 86.66666666666667, "percent_covered_display": "87", "missing_lines": 2, "excluded_lines": 0, "percent_statements_covered": 86.66666666666667, "percent_statements_covered_display": "87"}, "missing_lines": [16, 17], "excluded_lines": []}}, "classes": {"": {"executed_lines": [2, 8, 9, 10, 11, 13, 14, 15, 21, 53, 64, 66, 67, 68, 70, 72, 75, 91, 93, 98, 100, 101, 103, 110, 111, 112, 113, 114, 116, 117, 118, 119, 128, 139, 140, 141, 142, 143, 144, 145, 148, 149, 150, 153, 154, 155, 156, 157, 160, 161, 163, 165, 167, 169, 173, 189, 190, 192, 193, 194, 196, 198, 201, 212, 216, 217, 218, 220, 221, 223, 224], "summary": {"covered_lines": 70, "num_statements": 88, "percent_covered": 79.54545454545455, "percent_covered_display": "80", "missing_lines": 18, "excluded_lines": 0, "percent_statements_covered": 79.54545454545455, "percent_statements_covered_display": "80"}, "missing_lines": [16, 17, 94, 95, 121, 122, 124, 125, 162, 164, 166, 168, 170, 213, 214, 226, 227, 228], "excluded_lines": []}}}, "paddleocr_toolkit\\core\\models.py": {"executed_lines": [2, 8, 9, 10, 13, 14, 15, 16, 17, 18, 19, 22, 23, 24, 25, 26, 27, 29, 30, 32, 34, 35, 37, 39, 40, 42, 43, 45, 46, 48, 49, 53, 54], "summary": {"covered_lines": 30, "num_statements": 30, "percent_covered": 100.0, "percent_covered_display": "100", "missing_lines": 0, "excluded_lines": 0, "percent_statements_covered": 100.0, "percent_statements_covered_display": "100"}, "missing_lines": [], "excluded_lines": [], "functions": {"OCRResult.x": {"executed_lines": [32], "summary": {"covered_lines": 1, "num_statements": 1, "percent_covered": 100.0, "percent_covered_display": "100", "missing_lines": 0, "excluded_lines": 0, "percent_statements_covered": 100.0, "percent_statements_covered_display": "100"}, "missing_lines": [], "excluded_lines": []}, "OCRResult.y": {"executed_lines": [37], "summary": {"covered_lines": 1, "num_statements": 1, "percent_covered": 100.0, "percent_covered_display": "100", "missing_lines": 0, "excluded_lines": 0, "percent_statements_covered": 100.0, "percent_statements_covered_display": "100"}, "missing_lines": [], "excluded_lines": []}, "OCRResult.width": {"executed_lines": [42, 43], "summary": {"covered_lines": 2, "num_statements": 2, "percent_covered": 100.0, "percent_covered_display": "100", "missing_lines": 0, "excluded_lines": 0, "percent_statements_covered": 100.0, "percent_statements_covered_display": "100"}, "missing_lines": [], "excluded_lines": []}, "OCRResult.height": {"executed_lines": [48, 49], "summary": {"covered_lines": 2, "num_statements": 2, "percent_covered": 100.0, "percent_covered_display": "100", "missing_lines": 0, "excluded_lines": 0, "percent_statements_covered": 100.0, "percent_statements_covered_display": "100"}, "missing_lines": [], "excluded_lines": []}, "": {"executed_lines": [2, 8, 9, 10, 13, 14, 15, 16, 17, 18, 19, 22, 23, 24, 25, 26, 27, 29, 30, 34, 35, 39, 40, 45, 46, 53, 54], "summary": {"covered_lines": 24, "num_statements": 24, "percent_covered": 100.0, "percent_covered_display": "100", "missing_lines": 0, "excluded_lines": 0, "percent_statements_covered": 100.0, "percent_statements_covered_display": "100"}, "missing_lines": [], "excluded_lines": []}}, "classes": {"OCRMode": {"executed_lines": [], "summary": {"covered_lines": 0, "num_statements": 0, "percent_covered": 100.0, "percent_covered_display": "100", "missing_lines": 0, "excluded_lines": 0, "percent_statements_covered": 100.0, "percent_statements_covered_display": "100"}, "missing_lines": [], "excluded_lines": []}, "OCRResult": {"executed_lines": [32, 37, 42, 43, 48, 49], "summary": {"covered_lines": 6, "num_statements": 6, "percent_covered": 100.0, "percent_covered_display": "100", "missing_lines": 0, "excluded_lines": 0, "percent_statements_covered": 100.0, "percent_statements_covered_display": "100"}, "missing_lines": [], "excluded_lines": []}, "": {"executed_lines": [2, 8, 9, 10, 13, 14, 15, 16, 17, 18, 19, 22, 23, 24, 25, 26, 27, 29, 30, 34, 35, 39, 40, 45, 46, 53, 54], "summary": {"covered_lines": 24, "num_statements": 24, "percent_covered": 100.0, "percent_covered_display": "100", "missing_lines": 0, "excluded_lines": 0, "percent_statements_covered": 100.0, "percent_statements_covered_display": "100"}, "missing_lines": [], "excluded_lines": []}}}, "paddleocr_toolkit\\core\\ocr_engine.py": {"executed_lines": [2, 12, 13, 14, 16, 17, 18, 19, 23, 24, 25, 29, 30, 32, 33, 36, 37, 38, 39, 40, 41, 42, 45, 46, 69, 89, 90, 91, 99, 100, 101, 103, 111, 115, 117, 118, 121, 124, 127, 131, 133, 139, 141, 146, 148, 161, 172, 184, 201, 215, 216, 218, 220, 227, 229, 236, 238, 248, 249, 251, 253, 255, 258, 259, 260, 261, 263, 265, 266, 268, 270, 271, 273, 274, 275], "summary": {"covered_lines": 72, "num_statements": 104, "percent_covered": 69.23076923076923, "percent_covered_display": "69", "missing_lines": 32, "excluded_lines": 0, "percent_statements_covered": 69.23076923076923, "percent_statements_covered_display": "69"}, "missing_lines": [20, 21, 26, 27, 31, 112, 113, 119, 122, 125, 128, 135, 136, 137, 150, 151, 153, 159, 163, 164, 166, 170, 174, 175, 177, 182, 186, 187, 189, 190, 198, 199], "excluded_lines": [], "functions": {"OCREngineManager.__init__": {"executed_lines": [89, 90, 91, 99, 100, 101], "summary": {"covered_lines": 6, "num_statements": 6, "percent_covered": 100.0, "percent_covered_display": "100", "missing_lines": 0, "excluded_lines": 0, "percent_statements_covered": 100.0, "percent_statements_covered_display": "100"}, "missing_lines": [], "excluded_lines": []}, "OCREngineManager.init_engine": {"executed_lines": [111, 115, 117, 118, 121, 124, 127, 131, 133], "summary": {"covered_lines": 9, "num_statements": 18, "percent_covered": 50.0, "percent_covered_display": "50", "missing_lines": 9, "excluded_lines": 0, "percent_statements_covered": 50.0, "percent_statements_covered_display": "50"}, "missing_lines": [112, 113, 119, 122, 125, 128, 135, 136, 137], "excluded_lines": []}, "OCREngineManager._init_basic_engine": {"executed_lines": [141, 146], "summary": {"covered_lines": 2, "num_statements": 2, "percent_covered": 100.0, "percent_covered_display": "100", "missing_lines": 0, "excluded_lines": 0, "percent_statements_covered": 100.0, "percent_statements_covered_display": "100"}, "missing_lines": [], "excluded_lines": []}, "OCREngineManager._init_structure_engine": {"executed_lines": [], "summary": {"covered_lines": 0, "num_statements": 4, "percent_covered": 0.0, "percent_covered_display": "0", "missing_lines": 4, "excluded_lines": 0, "percent_statements_covered": 0.0, "percent_statements_covered_display": "0"}, "missing_lines": [150, 151, 153, 159], "excluded_lines": []}, "OCREngineManager._init_vl_engine": {"executed_lines": [], "summary": {"covered_lines": 0, "num_statements": 4, "percent_covered": 0.0, "percent_covered_display": "0", "missing_lines": 4, "excluded_lines": 0, "percent_statements_covered": 0.0, "percent_statements_covered_display": "0"}, "missing_lines": [163, 164, 166, 170], "excluded_lines": []}, "OCREngineManager._init_formula_engine": {"executed_lines": [], "summary": {"covered_lines": 0, "num_statements": 4, "percent_covered": 0.0, "percent_covered_display": "0", "missing_lines": 4, "excluded_lines": 0, "percent_statements_covered": 0.0, "percent_statements_covered_display": "0"}, "missing_lines": [174, 175, 177, 182], "excluded_lines": []}, "OCREngineManager._init_hybrid_engine": {"executed_lines": [], "summary": {"covered_lines": 0, "num_statements": 6, "percent_covered": 0.0, "percent_covered_display": "0", "missing_lines": 6, "excluded_lines": 0, "percent_statements_covered": 0.0, "percent_statements_covered_display": "0"}, "missing_lines": [186, 187, 189, 190, 198, 199], "excluded_lines": []}, "OCREngineManager.predict": {"executed_lines": [215, 216, 218], "summary": {"covered_lines": 3, "num_statements": 3, "percent_covered": 100.0, "percent_covered_display": "100", "missing_lines": 0, "excluded_lines": 0, "percent_statements_covered": 100.0, "percent_statements_covered_display": "100"}, "missing_lines": [], "excluded_lines": []}, "OCREngineManager.is_initialized": {"executed_lines": [227], "summary": {"covered_lines": 1, "num_statements": 1, "percent_covered": 100.0, "percent_covered_display": "100", "missing_lines": 0, "excluded_lines": 0, "percent_statements_covered": 100.0, "percent_statements_covered_display": "100"}, "missing_lines": [], "excluded_lines": []}, "OCREngineManager.get_mode": {"executed_lines": [236], "summary": {"covered_lines": 1, "num_statements": 1, "percent_covered": 100.0, "percent_covered_display": "100", "missing_lines": 0, "excluded_lines": 0, "percent_statements_covered": 100.0, "percent_statements_covered_display": "100"}, "missing_lines": [], "excluded_lines": []}, "OCREngineManager.get_engine": {"executed_lines": [248, 249, 251], "summary": {"covered_lines": 3, "num_statements": 3, "percent_covered": 100.0, "percent_covered_display": "100", "missing_lines": 0, "excluded_lines": 0, "percent_statements_covered": 100.0, "percent_statements_covered_display": "100"}, "missing_lines": [], "excluded_lines": []}, "OCREngineManager.close": {"executed_lines": [255, 258, 259, 260, 261], "summary": {"covered_lines": 5, "num_statements": 5, "percent_covered": 100.0, "percent_covered_display": "100", "missing_lines": 0, "excluded_lines": 0, "percent_statements_covered": 100.0, "percent_statements_covered_display": "100"}, "missing_lines": [], "excluded_lines": []}, "OCREngineManager.__enter__": {"executed_lines": [265, 266], "summary": {"covered_lines": 2, "num_statements": 2, "percent_covered": 100.0, "percent_covered_display": "100", "missing_lines": 0, "excluded_lines": 0, "percent_statements_covered": 100.0, "percent_statements_covered_display": "100"}, "missing_lines": [], "excluded_lines": []}, "OCREngineManager.__exit__": {"executed_lines": [270, 271], "summary": {"covered_lines": 2, "num_statements": 2, "percent_covered": 100.0, "percent_covered_display": "100", "missing_lines": 0, "excluded_lines": 0, "percent_statements_covered": 100.0, "percent_statements_covered_display": "100"}, "missing_lines": [], "excluded_lines": []}, "OCREngineManager.__repr__": {"executed_lines": [274, 275], "summary": {"covered_lines": 2, "num_statements": 2, "percent_covered": 100.0, "percent_covered_display": "100", "missing_lines": 0, "excluded_lines": 0, "percent_statements_covered": 100.0, "percent_statements_covered_display": "100"}, "missing_lines": [], "excluded_lines": []}, "": {"executed_lines": [2, 12, 13, 14, 16, 17, 18, 19, 23, 24, 25, 29, 30, 32, 33, 36, 37, 38, 39, 40, 41, 42, 45, 46, 69, 103, 139, 148, 161, 172, 184, 201, 220, 229, 238, 253, 263, 268, 273], "summary": {"covered_lines": 36, "num_statements": 41, "percent_covered": 87.8048780487805, "percent_covered_display": "88", "missing_lines": 5, "excluded_lines": 0, "percent_statements_covered": 87.8048780487805, "percent_statements_covered_display": "88"}, "missing_lines": [20, 21, 26, 27, 31], "excluded_lines": []}}, "classes": {"OCRMode": {"executed_lines": [], "summary": {"covered_lines": 0, "num_statements": 0, "percent_covered": 100.0, "percent_covered_display": "100", "missing_lines": 0, "excluded_lines": 0, "percent_statements_covered": 100.0, "percent_statements_covered_display": "100"}, "missing_lines": [], "excluded_lines": []}, "OCREngineManager": {"executed_lines": [89, 90, 91, 99, 100, 101, 111, 115, 117, 118, 121, 124, 127, 131, 133, 141, 146, 215, 216, 218, 227, 236, 248, 249, 251, 255, 258, 259, 260, 261, 265, 266, 270, 271, 274, 275], "summary": {"covered_lines": 36, "num_statements": 63, "percent_covered": 57.142857142857146, "percent_covered_display": "57", "missing_lines": 27, "excluded_lines": 0, "percent_statements_covered": 57.142857142857146, "percent_statements_covered_display": "57"}, "missing_lines": [112, 113, 119, 122, 125, 128, 135, 136, 137, 150, 151, 153, 159, 163, 164, 166, 170, 174, 175, 177, 182, 186, 187, 189, 190, 198, 199], "excluded_lines": []}, "": {"executed_lines": [2, 12, 13, 14, 16, 17, 18, 19, 23, 24, 25, 29, 30, 32, 33, 36, 37, 38, 39, 40, 41, 42, 45, 46, 69, 103, 139, 148, 161, 172, 184, 201, 220, 229, 238, 253, 263, 268, 273], "summary": {"covered_lines": 36, "num_statements": 41, "percent_covered": 87.8048780487805, "percent_covered_display": "88", "missing_lines": 5, "excluded_lines": 0, "percent_statements_covered": 87.8048780487805, "percent_statements_covered_display": "88"}, "missing_lines": [20, 21, 26, 27, 31], "excluded_lines": []}}}, "paddleocr_toolkit\\core\\pdf_generator.py": {"executed_lines": [2, 8, 9, 11, 12, 13, 17, 18, 19, 23, 26, 27, 34, 44, 45, 47, 48, 49, 50, 51, 52, 54, 65, 66, 67, 69, 71, 72, 75, 81, 83, 85, 87, 88, 90, 91, 92, 94, 97, 100, 103, 104, 106, 107, 108, 110, 121, 122, 123, 126, 132, 134, 136, 139, 142, 143, 144, 146, 149, 152, 153, 155, 156, 162, 172, 173, 175, 177, 178, 179, 180, 181, 184, 185, 186, 188, 189, 191, 192, 193, 194, 195, 198, 200, 202, 203, 206, 207, 208, 211, 212, 213, 214, 216, 217, 218, 228, 229, 231, 232, 233, 234, 237, 238, 239, 241, 242, 245, 246, 275, 282, 283, 284, 285, 287, 288, 289, 290], "summary": {"covered_lines": 116, "num_statements": 143, "percent_covered": 81.11888111888112, "percent_covered_display": "81", "missing_lines": 27, "excluded_lines": 0, "percent_statements_covered": 81.11888111888112, "percent_statements_covered_display": "81"}, "missing_lines": [14, 15, 20, 21, 101, 158, 159, 160, 220, 221, 222, 224, 225, 254, 256, 257, 258, 259, 267, 268, 269, 270, 272, 273, 292, 293, 294], "excluded_lines": [], "functions": {"PDFGenerator.__init__": {"executed_lines": [44, 45, 47, 48, 49, 50, 51, 52], "summary": {"covered_lines": 8, "num_statements": 8, "percent_covered": 100.0, "percent_covered_display": "100", "missing_lines": 0, "excluded_lines": 0, "percent_statements_covered": 100.0, "percent_statements_covered_display": "100"}, "missing_lines": [], "excluded_lines": []}, "PDFGenerator.add_page": {"executed_lines": [65, 66, 67, 69, 71, 72, 75, 81, 83, 85, 87, 88, 90, 91, 92, 94, 97, 100, 103, 104, 106, 107, 108], "summary": {"covered_lines": 23, "num_statements": 24, "percent_covered": 95.83333333333333, "percent_covered_display": "96", "missing_lines": 1, "excluded_lines": 0, "percent_statements_covered": 95.83333333333333, "percent_statements_covered_display": "96"}, "missing_lines": [101], "excluded_lines": []}, "PDFGenerator.add_page_from_pixmap": {"executed_lines": [121, 122, 123, 126, 132, 134, 136, 139, 142, 143, 144, 146, 149, 152, 153, 155, 156], "summary": {"covered_lines": 17, "num_statements": 20, "percent_covered": 85.0, "percent_covered_display": "85", "missing_lines": 3, "excluded_lines": 0, "percent_statements_covered": 85.0, "percent_statements_covered_display": "85"}, "missing_lines": [158, 159, 160], "excluded_lines": []}, "PDFGenerator._insert_invisible_text": {"executed_lines": [172, 173, 175, 177, 178, 179, 180, 181, 184, 185, 186, 188, 189, 191, 192, 193, 194, 195, 198, 200, 202, 203, 206, 207, 208, 211, 212, 213, 214, 216, 217, 218, 228, 229, 231, 232, 233, 234, 237, 238, 239, 241, 242, 245, 246], "summary": {"covered_lines": 45, "num_statements": 61, "percent_covered": 73.77049180327869, "percent_covered_display": "74", "missing_lines": 16, "excluded_lines": 0, "percent_statements_covered": 73.77049180327869, "percent_statements_covered_display": "74"}, "missing_lines": [220, 221, 222, 224, 225, 254, 256, 257, 258, 259, 267, 268, 269, 270, 272, 273], "excluded_lines": []}, "PDFGenerator.save": {"executed_lines": [282, 283, 284, 285, 287, 288, 289, 290], "summary": {"covered_lines": 8, "num_statements": 11, "percent_covered": 72.72727272727273, "percent_covered_display": "73", "missing_lines": 3, "excluded_lines": 0, "percent_statements_covered": 72.72727272727273, "percent_statements_covered_display": "73"}, "missing_lines": [292, 293, 294], "excluded_lines": []}, "": {"executed_lines": [2, 8, 9, 11, 12, 13, 17, 18, 19, 23, 26, 27, 34, 54, 110, 162, 275], "summary": {"covered_lines": 15, "num_statements": 19, "percent_covered": 78.94736842105263, "percent_covered_display": "79", "missing_lines": 4, "excluded_lines": 0, "percent_statements_covered": 78.94736842105263, "percent_statements_covered_display": "79"}, "missing_lines": [14, 15, 20, 21], "excluded_lines": []}}, "classes": {"PDFGenerator": {"executed_lines": [44, 45, 47, 48, 49, 50, 51, 52, 65, 66, 67, 69, 71, 72, 75, 81, 83, 85, 87, 88, 90, 91, 92, 94, 97, 100, 103, 104, 106, 107, 108, 121, 122, 123, 126, 132, 134, 136, 139, 142, 143, 144, 146, 149, 152, 153, 155, 156, 172, 173, 175, 177, 178, 179, 180, 181, 184, 185, 186, 188, 189, 191, 192, 193, 194, 195, 198, 200, 202, 203, 206, 207, 208, 211, 212, 213, 214, 216, 217, 218, 228, 229, 231, 232, 233, 234, 237, 238, 239, 241, 242, 245, 246, 282, 283, 284, 285, 287, 288, 289, 290], "summary": {"covered_lines": 101, "num_statements": 124, "percent_covered": 81.45161290322581, "percent_covered_display": "81", "missing_lines": 23, "excluded_lines": 0, "percent_statements_covered": 81.45161290322581, "percent_statements_covered_display": "81"}, "missing_lines": [101, 158, 159, 160, 220, 221, 222, 224, 225, 254, 256, 257, 258, 259, 267, 268, 269, 270, 272, 273, 292, 293, 294], "excluded_lines": []}, "": {"executed_lines": [2, 8, 9, 11, 12, 13, 17, 18, 19, 23, 26, 27, 34, 54, 110, 162, 275], "summary": {"covered_lines": 15, "num_statements": 19, "percent_covered": 78.94736842105263, "percent_covered_display": "79", "missing_lines": 4, "excluded_lines": 0, "percent_statements_covered": 78.94736842105263, "percent_statements_covered_display": "79"}, "missing_lines": [14, 15, 20, 21], "excluded_lines": []}}}, "paddleocr_toolkit\\core\\pdf_utils.py": {"executed_lines": [2, 11, 12, 13, 15, 17, 18, 19, 23, 24, 25, 30, 41, 42, 45, 46, 48, 49, 51, 54, 70, 71, 72, 73, 76, 92, 93, 95, 96, 98, 100, 102, 104, 106, 107, 110, 128, 129, 130, 131, 133, 136, 137, 140, 141, 142, 144, 147, 157, 160, 161, 164, 180, 187, 190, 193, 203, 204, 207, 223, 224], "summary": {"covered_lines": 60, "num_statements": 70, "percent_covered": 85.71428571428571, "percent_covered_display": "86", "missing_lines": 10, "excluded_lines": 0, "percent_statements_covered": 85.71428571428571, "percent_statements_covered_display": "86"}, "missing_lines": [20, 21, 26, 27, 101, 158, 174, 175, 177, 188], "excluded_lines": [], "functions": {"pixmap_to_numpy": {"executed_lines": [41, 42, 45, 46, 48, 49, 51], "summary": {"covered_lines": 7, "num_statements": 7, "percent_covered": 100.0, "percent_covered_display": "100", "missing_lines": 0, "excluded_lines": 0, "percent_statements_covered": 100.0, "percent_statements_covered_display": "100"}, "missing_lines": [], "excluded_lines": []}, "page_to_numpy": {"executed_lines": [70, 71, 72, 73], "summary": {"covered_lines": 4, "num_statements": 4, "percent_covered": 100.0, "percent_covered_display": "100", "missing_lines": 0, "excluded_lines": 0, "percent_statements_covered": 100.0, "percent_statements_covered_display": "100"}, "missing_lines": [], "excluded_lines": []}, "numpy_to_pdf_bytes": {"executed_lines": [92, 93, 95, 96, 98, 100, 102, 104, 106, 107], "summary": {"covered_lines": 10, "num_statements": 11, "percent_covered": 90.9090909090909, "percent_covered_display": "91", "missing_lines": 1, "excluded_lines": 0, "percent_statements_covered": 90.9090909090909, "percent_statements_covered_display": "91"}, "missing_lines": [101], "excluded_lines": []}, "add_image_page": {"executed_lines": [128, 129, 130, 131, 133, 136, 137, 140, 141, 142, 144], "summary": {"covered_lines": 11, "num_statements": 11, "percent_covered": 100.0, "percent_covered_display": "100", "missing_lines": 0, "excluded_lines": 0, "percent_statements_covered": 100.0, "percent_statements_covered_display": "100"}, "missing_lines": [], "excluded_lines": []}, "get_dpi_matrix": {"executed_lines": [157, 160, 161], "summary": {"covered_lines": 3, "num_statements": 4, "percent_covered": 75.0, "percent_covered_display": "75", "missing_lines": 1, "excluded_lines": 0, "percent_statements_covered": 75.0, "percent_statements_covered_display": "75"}, "missing_lines": [158], "excluded_lines": []}, "open_pdf": {"executed_lines": [], "summary": {"covered_lines": 0, "num_statements": 3, "percent_covered": 0.0, "percent_covered_display": "0", "missing_lines": 3, "excluded_lines": 0, "percent_statements_covered": 0.0, "percent_statements_covered_display": "0"}, "missing_lines": [174, 175, 177], "excluded_lines": []}, "create_pdf": {"executed_lines": [187, 190], "summary": {"covered_lines": 2, "num_statements": 3, "percent_covered": 66.66666666666667, "percent_covered_display": "67", "missing_lines": 1, "excluded_lines": 0, "percent_statements_covered": 66.66666666666667, "percent_statements_covered_display": "67"}, "missing_lines": [188], "excluded_lines": []}, "get_page_size": {"executed_lines": [203, 204], "summary": {"covered_lines": 2, "num_statements": 2, "percent_covered": 100.0, "percent_covered_display": "100", "missing_lines": 0, "excluded_lines": 0, "percent_statements_covered": 100.0, "percent_statements_covered_display": "100"}, "missing_lines": [], "excluded_lines": []}, "copy_page": {"executed_lines": [223, 224], "summary": {"covered_lines": 2, "num_statements": 2, "percent_covered": 100.0, "percent_covered_display": "100", "missing_lines": 0, "excluded_lines": 0, "percent_statements_covered": 100.0, "percent_statements_covered_display": "100"}, "missing_lines": [], "excluded_lines": []}, "": {"executed_lines": [2, 11, 12, 13, 15, 17, 18, 19, 23, 24, 25, 30, 54, 76, 110, 147, 164, 180, 193, 207], "summary": {"covered_lines": 19, "num_statements": 23, "percent_covered": 82.6086956521739, "percent_covered_display": "83", "missing_lines": 4, "excluded_lines": 0, "percent_statements_covered": 82.6086956521739, "percent_statements_covered_display": "83"}, "missing_lines": [20, 21, 26, 27], "excluded_lines": []}}, "classes": {"": {"executed_lines": [2, 11, 12, 13, 15, 17, 18, 19, 23, 24, 25, 30, 41, 42, 45, 46, 48, 49, 51, 54, 70, 71, 72, 73, 76, 92, 93, 95, 96, 98, 100, 102, 104, 106, 107, 110, 128, 129, 130, 131, 133, 136, 137, 140, 141, 142, 144, 147, 157, 160, 161, 164, 180, 187, 190, 193, 203, 204, 207, 223, 224], "summary": {"covered_lines": 60, "num_statements": 70, "percent_covered": 85.71428571428571, "percent_covered_display": "86", "missing_lines": 10, "excluded_lines": 0, "percent_statements_covered": 85.71428571428571, "percent_statements_covered_display": "86"}, "missing_lines": [20, 21, 26, 27, 101, 158, 174, 175, 177, 188], "excluded_lines": []}}}, "paddleocr_toolkit\\core\\result_parser.py": {"executed_lines": [2, 11, 12, 13, 15, 16, 22, 23, 38, 45, 47, 62, 64, 66, 67, 69, 81, 91, 94, 95, 98, 99, 101, 103, 105, 107, 108, 109, 111, 112, 113, 114, 116, 118, 120, 122, 123, 124, 126, 127, 128, 129, 131, 133, 150, 152, 154, 163, 184, 186, 187, 189, 190, 191, 192, 193, 196, 197, 198, 199, 201, 213, 215, 219, 220, 224, 226, 228, 230, 231, 232, 233, 235, 236, 238, 240, 241, 248, 257, 259, 272, 274, 286, 288, 289, 290, 291, 296, 297, 299, 303, 315, 325, 327, 329, 330, 333, 339, 340, 341, 343, 345, 347, 362, 364, 379, 381, 382, 384], "summary": {"covered_lines": 107, "num_statements": 143, "percent_covered": 74.82517482517483, "percent_covered_display": "75", "missing_lines": 36, "excluded_lines": 0, "percent_statements_covered": 74.82517482517483, "percent_statements_covered_display": "75"}, "missing_lines": [17, 19, 71, 72, 73, 75, 76, 78, 79, 159, 160, 161, 203, 204, 205, 207, 208, 210, 211, 221, 222, 253, 254, 255, 300, 301, 305, 306, 307, 309, 310, 312, 313, 334, 336, 386], "excluded_lines": [], "functions": {"OCRResultParser.__init__": {"executed_lines": [45], "summary": {"covered_lines": 1, "num_statements": 1, "percent_covered": 100.0, "percent_covered_display": "100", "missing_lines": 0, "excluded_lines": 0, "percent_statements_covered": 100.0, "percent_statements_covered_display": "100"}, "missing_lines": [], "excluded_lines": []}, "OCRResultParser.parse_basic_result": {"executed_lines": [62, 64, 66, 67, 69], "summary": {"covered_lines": 5, "num_statements": 12, "percent_covered": 41.666666666666664, "percent_covered_display": "42", "missing_lines": 7, "excluded_lines": 0, "percent_statements_covered": 41.666666666666664, "percent_statements_covered_display": "42"}, "missing_lines": [71, 72, 73, 75, 76, 78, 79], "excluded_lines": []}, "OCRResultParser._parse_single_result": {"executed_lines": [91, 94, 95, 98, 99, 101], "summary": {"covered_lines": 6, "num_statements": 6, "percent_covered": 100.0, "percent_covered_display": "100", "missing_lines": 0, "excluded_lines": 0, "percent_statements_covered": 100.0, "percent_statements_covered_display": "100"}, "missing_lines": [], "excluded_lines": []}, "OCRResultParser._parse_from_attributes": {"executed_lines": [105, 107, 108, 109, 111, 112, 113, 114, 116], "summary": {"covered_lines": 9, "num_statements": 9, "percent_covered": 100.0, "percent_covered_display": "100", "missing_lines": 0, "excluded_lines": 0, "percent_statements_covered": 100.0, "percent_statements_covered_display": "100"}, "missing_lines": [], "excluded_lines": []}, "OCRResultParser._parse_from_dict": {"executed_lines": [120, 122, 123, 124, 126, 127, 128, 129, 131], "summary": {"covered_lines": 9, "num_statements": 9, "percent_covered": 100.0, "percent_covered_display": "100", "missing_lines": 0, "excluded_lines": 0, "percent_statements_covered": 100.0, "percent_statements_covered_display": "100"}, "missing_lines": [], "excluded_lines": []}, "OCRResultParser._create_ocr_result": {"executed_lines": [150, 152, 154], "summary": {"covered_lines": 3, "num_statements": 6, "percent_covered": 50.0, "percent_covered_display": "50", "missing_lines": 3, "excluded_lines": 0, "percent_statements_covered": 50.0, "percent_statements_covered_display": "50"}, "missing_lines": [159, 160, 161], "excluded_lines": []}, "OCRResultParser.parse_structure_result": {"executed_lines": [184, 186, 187, 189, 190, 191, 192, 193, 196, 197, 198, 199, 201], "summary": {"covered_lines": 13, "num_statements": 20, "percent_covered": 65.0, "percent_covered_display": "65", "missing_lines": 7, "excluded_lines": 0, "percent_statements_covered": 65.0, "percent_statements_covered_display": "65"}, "missing_lines": [203, 204, 205, 207, 208, 210, 211], "excluded_lines": []}, "OCRResultParser._parse_overall_ocr": {"executed_lines": [215, 219, 220, 224], "summary": {"covered_lines": 4, "num_statements": 6, "percent_covered": 66.66666666666667, "percent_covered_display": "67", "missing_lines": 2, "excluded_lines": 0, "percent_statements_covered": 66.66666666666667, "percent_statements_covered_display": "67"}, "missing_lines": [221, 222], "excluded_lines": []}, "OCRResultParser._parse_parsing_list": {"executed_lines": [228, 230, 231, 232, 233, 235, 236, 238, 240, 241, 248, 257], "summary": {"covered_lines": 12, "num_statements": 15, "percent_covered": 80.0, "percent_covered_display": "80", "missing_lines": 3, "excluded_lines": 0, "percent_statements_covered": 80.0, "percent_statements_covered_display": "80"}, "missing_lines": [253, 254, 255], "excluded_lines": []}, "OCRResultParser.parse_vl_result": {"executed_lines": [272], "summary": {"covered_lines": 1, "num_statements": 1, "percent_covered": 100.0, "percent_covered_display": "100", "missing_lines": 0, "excluded_lines": 0, "percent_statements_covered": 100.0, "percent_statements_covered_display": "100"}, "missing_lines": [], "excluded_lines": []}, "OCRResultParser.parse_formula_result": {"executed_lines": [286, 288, 289, 290, 291, 296, 297, 299, 303], "summary": {"covered_lines": 9, "num_statements": 18, "percent_covered": 50.0, "percent_covered_display": "50", "missing_lines": 9, "excluded_lines": 0, "percent_statements_covered": 50.0, "percent_statements_covered_display": "50"}, "missing_lines": [300, 301, 305, 306, 307, 309, 310, 312, 313], "excluded_lines": []}, "OCRResultParser.validate_results": {"executed_lines": [325, 327, 329, 330, 333, 339, 340, 341, 343, 345], "summary": {"covered_lines": 10, "num_statements": 12, "percent_covered": 83.33333333333333, "percent_covered_display": "83", "missing_lines": 2, "excluded_lines": 0, "percent_statements_covered": 83.33333333333333, "percent_statements_covered_display": "83"}, "missing_lines": [334, 336], "excluded_lines": []}, "OCRResultParser.filter_by_confidence": {"executed_lines": [362], "summary": {"covered_lines": 1, "num_statements": 1, "percent_covered": 100.0, "percent_covered_display": "100", "missing_lines": 0, "excluded_lines": 0, "percent_statements_covered": 100.0, "percent_statements_covered_display": "100"}, "missing_lines": [], "excluded_lines": []}, "OCRResultParser.sort_by_position": {"executed_lines": [379, 381, 382, 384], "summary": {"covered_lines": 4, "num_statements": 5, "percent_covered": 80.0, "percent_covered_display": "80", "missing_lines": 1, "excluded_lines": 0, "percent_statements_covered": 80.0, "percent_statements_covered_display": "80"}, "missing_lines": [386], "excluded_lines": []}, "": {"executed_lines": [2, 11, 12, 13, 15, 16, 22, 23, 38, 47, 81, 103, 118, 133, 163, 213, 226, 259, 274, 315, 347, 364], "summary": {"covered_lines": 20, "num_statements": 22, "percent_covered": 90.9090909090909, "percent_covered_display": "91", "missing_lines": 2, "excluded_lines": 0, "percent_statements_covered": 90.9090909090909, "percent_statements_covered_display": "91"}, "missing_lines": [17, 19], "excluded_lines": []}}, "classes": {"OCRResultParser": {"executed_lines": [45, 62, 64, 66, 67, 69, 91, 94, 95, 98, 99, 101, 105, 107, 108, 109, 111, 112, 113, 114, 116, 120, 122, 123, 124, 126, 127, 128, 129, 131, 150, 152, 154, 184, 186, 187, 189, 190, 191, 192, 193, 196, 197, 198, 199, 201, 215, 219, 220, 224, 228, 230, 231, 232, 233, 235, 236, 238, 240, 241, 248, 257, 272, 286, 288, 289, 290, 291, 296, 297, 299, 303, 325, 327, 329, 330, 333, 339, 340, 341, 343, 345, 362, 379, 381, 382, 384], "summary": {"covered_lines": 87, "num_statements": 121, "percent_covered": 71.90082644628099, "percent_covered_display": "72", "missing_lines": 34, "excluded_lines": 0, "percent_statements_covered": 71.90082644628099, "percent_statements_covered_display": "72"}, "missing_lines": [71, 72, 73, 75, 76, 78, 79, 159, 160, 161, 203, 204, 205, 207, 208, 210, 211, 221, 222, 253, 254, 255, 300, 301, 305, 306, 307, 309, 310, 312, 313, 334, 336, 386], "excluded_lines": []}, "": {"executed_lines": [2, 11, 12, 13, 15, 16, 22, 23, 38, 47, 81, 103, 118, 133, 163, 213, 226, 259, 274, 315, 347, 364], "summary": {"covered_lines": 20, "num_statements": 22, "percent_covered": 90.9090909090909, "percent_covered_display": "91", "missing_lines": 2, "excluded_lines": 0, "percent_statements_covered": 90.9090909090909, "percent_statements_covered_display": "91"}, "missing_lines": [17, 19], "excluded_lines": []}}}, "paddleocr_toolkit\\core\\streaming_utils.py": {"executed_lines": [2, 8, 9, 10, 12, 14, 15, 16, 21, 22, 40, 43, 44, 45, 47, 49, 52, 80, 83, 84, 87, 90, 91, 93, 95, 98, 101, 102, 105, 109, 112, 115, 116, 117, 120, 146, 148, 149, 151, 152, 153, 155, 158, 159, 162, 163, 169, 180], "summary": {"covered_lines": 46, "num_statements": 69, "percent_covered": 66.66666666666667, "percent_covered_display": "67", "missing_lines": 23, "excluded_lines": 0, "percent_statements_covered": 66.66666666666667, "percent_statements_covered_display": "67"}, "missing_lines": [17, 18, 41, 81, 106, 177, 178, 197, 198, 199, 200, 201, 204, 205, 208, 209, 210, 213, 214, 215, 218, 221, 222], "excluded_lines": [], "functions": {"open_pdf_context": {"executed_lines": [40, 43, 44, 45, 47, 49], "summary": {"covered_lines": 6, "num_statements": 7, "percent_covered": 85.71428571428571, "percent_covered_display": "86", "missing_lines": 1, "excluded_lines": 0, "percent_statements_covered": 85.71428571428571, "percent_statements_covered_display": "86"}, "missing_lines": [41], "excluded_lines": []}, "pdf_pages_generator": {"executed_lines": [80, 83, 84, 87, 90, 91, 93, 95, 98, 101, 102, 105, 109, 112, 115, 116, 117], "summary": {"covered_lines": 17, "num_statements": 19, "percent_covered": 89.47368421052632, "percent_covered_display": "89", "missing_lines": 2, "excluded_lines": 0, "percent_statements_covered": 89.47368421052632, "percent_statements_covered_display": "89"}, "missing_lines": [81, 106], "excluded_lines": []}, "batch_pages_generator": {"executed_lines": [146, 148, 149, 151, 152, 153, 155, 158, 159], "summary": {"covered_lines": 9, "num_statements": 9, "percent_covered": 100.0, "percent_covered_display": "100", "missing_lines": 0, "excluded_lines": 0, "percent_statements_covered": 100.0, "percent_statements_covered_display": "100"}, "missing_lines": [], "excluded_lines": []}, "StreamingPDFProcessor.__init__": {"executed_lines": [], "summary": {"covered_lines": 0, "num_statements": 2, "percent_covered": 0.0, "percent_covered_display": "0", "missing_lines": 2, "excluded_lines": 0, "percent_statements_covered": 0.0, "percent_statements_covered_display": "0"}, "missing_lines": [177, 178], "excluded_lines": []}, "StreamingPDFProcessor.process_pages": {"executed_lines": [], "summary": {"covered_lines": 0, "num_statements": 16, "percent_covered": 0.0, "percent_covered_display": "0", "missing_lines": 16, "excluded_lines": 0, "percent_statements_covered": 0.0, "percent_statements_covered_display": "0"}, "missing_lines": [197, 198, 199, 200, 201, 204, 205, 208, 209, 210, 213, 214, 215, 218, 221, 222], "excluded_lines": []}, "": {"executed_lines": [2, 8, 9, 10, 12, 14, 15, 16, 21, 22, 52, 120, 162, 163, 169, 180], "summary": {"covered_lines": 14, "num_statements": 16, "percent_covered": 87.5, "percent_covered_display": "88", "missing_lines": 2, "excluded_lines": 0, "percent_statements_covered": 87.5, "percent_statements_covered_display": "88"}, "missing_lines": [17, 18], "excluded_lines": []}}, "classes": {"StreamingPDFProcessor": {"executed_lines": [], "summary": {"covered_lines": 0, "num_statements": 18, "percent_covered": 0.0, "percent_covered_display": "0", "missing_lines": 18, "excluded_lines": 0, "percent_statements_covered": 0.0, "percent_statements_covered_display": "0"}, "missing_lines": [177, 178, 197, 198, 199, 200, 201, 204, 205, 208, 209, 210, 213, 214, 215, 218, 221, 222], "excluded_lines": []}, "": {"executed_lines": [2, 8, 9, 10, 12, 14, 15, 16, 21, 22, 40, 43, 44, 45, 47, 49, 52, 80, 83, 84, 87, 90, 91, 93, 95, 98, 101, 102, 105, 109, 112, 115, 116, 117, 120, 146, 148, 149, 151, 152, 153, 155, 158, 159, 162, 163, 169, 180], "summary": {"covered_lines": 46, "num_statements": 51, "percent_covered": 90.19607843137256, "percent_covered_display": "90", "missing_lines": 5, "excluded_lines": 0, "percent_statements_covered": 90.19607843137256, "percent_statements_covered_display": "90"}, "missing_lines": [17, 18, 41, 81, 106], "excluded_lines": []}}}, "paddleocr_toolkit\\outputs\\output_manager.py": {"executed_lines": [2, 12, 13, 14, 15, 17, 18, 19, 20, 25, 26, 41, 55, 56, 57, 58, 60, 62, 64, 66, 68, 83, 84, 86, 88, 89, 91, 92, 94, 111, 112, 114, 116, 123, 124, 126, 127, 129, 144, 145, 147, 149, 150, 152, 153, 155, 172, 173, 175, 178, 194, 195, 197, 198, 200, 217, 219, 220, 221, 222, 223, 225, 226, 227, 229, 230, 231, 241, 243, 253, 255, 257, 259, 261, 263, 265, 266], "summary": {"covered_lines": 75, "num_statements": 86, "percent_covered": 87.20930232558139, "percent_covered_display": "87", "missing_lines": 11, "excluded_lines": 0, "percent_statements_covered": 87.20930232558139, "percent_statements_covered_display": "87"}, "missing_lines": [21, 22, 118, 119, 120, 233, 234, 235, 236, 238, 239], "excluded_lines": [], "functions": {"OutputManager.__init__": {"executed_lines": [55, 56, 57, 58], "summary": {"covered_lines": 4, "num_statements": 4, "percent_covered": 100.0, "percent_covered_display": "100", "missing_lines": 0, "excluded_lines": 0, "percent_statements_covered": 100.0, "percent_statements_covered_display": "100"}, "missing_lines": [], "excluded_lines": []}, "OutputManager.add_format": {"executed_lines": [62], "summary": {"covered_lines": 1, "num_statements": 1, "percent_covered": 100.0, "percent_covered_display": "100", "missing_lines": 0, "excluded_lines": 0, "percent_statements_covered": 100.0, "percent_statements_covered_display": "100"}, "missing_lines": [], "excluded_lines": []}, "OutputManager.remove_format": {"executed_lines": [66], "summary": {"covered_lines": 1, "num_statements": 1, "percent_covered": 100.0, "percent_covered_display": "100", "missing_lines": 0, "excluded_lines": 0, "percent_statements_covered": 100.0, "percent_statements_covered_display": "100"}, "missing_lines": [], "excluded_lines": []}, "OutputManager.write_markdown": {"executed_lines": [83, 84, 86, 88, 89, 91, 92], "summary": {"covered_lines": 7, "num_statements": 7, "percent_covered": 100.0, "percent_covered_display": "100", "missing_lines": 0, "excluded_lines": 0, "percent_statements_covered": 100.0, "percent_statements_covered_display": "100"}, "missing_lines": [], "excluded_lines": []}, "OutputManager.write_json": {"executed_lines": [111, 112, 114, 116, 123, 124, 126, 127], "summary": {"covered_lines": 8, "num_statements": 11, "percent_covered": 72.72727272727273, "percent_covered_display": "73", "missing_lines": 3, "excluded_lines": 0, "percent_statements_covered": 72.72727272727273, "percent_statements_covered_display": "73"}, "missing_lines": [118, 119, 120], "excluded_lines": []}, "OutputManager.write_text": {"executed_lines": [144, 145, 147, 149, 150, 152, 153], "summary": {"covered_lines": 7, "num_statements": 7, "percent_covered": 100.0, "percent_covered_display": "100", "missing_lines": 0, "excluded_lines": 0, "percent_statements_covered": 100.0, "percent_statements_covered_display": "100"}, "missing_lines": [], "excluded_lines": []}, "OutputManager.write_html": {"executed_lines": [172, 173, 175, 178, 194, 195, 197, 198], "summary": {"covered_lines": 8, "num_statements": 8, "percent_covered": 100.0, "percent_covered_display": "100", "missing_lines": 0, "excluded_lines": 0, "percent_statements_covered": 100.0, "percent_statements_covered_display": "100"}, "missing_lines": [], "excluded_lines": []}, "OutputManager.write_all": {"executed_lines": [217, 219, 220, 221, 222, 223, 225, 226, 227, 229, 230, 231, 241], "summary": {"covered_lines": 13, "num_statements": 19, "percent_covered": 68.42105263157895, "percent_covered_display": "68", "missing_lines": 6, "excluded_lines": 0, "percent_statements_covered": 68.42105263157895, "percent_statements_covered_display": "68"}, "missing_lines": [233, 234, 235, 236, 238, 239], "excluded_lines": []}, "OutputManager.get_output_path": {"executed_lines": [253], "summary": {"covered_lines": 1, "num_statements": 1, "percent_covered": 100.0, "percent_covered_display": "100", "missing_lines": 0, "excluded_lines": 0, "percent_statements_covered": 100.0, "percent_statements_covered_display": "100"}, "missing_lines": [], "excluded_lines": []}, "OutputManager.cleanup": {"executed_lines": [257], "summary": {"covered_lines": 1, "num_statements": 1, "percent_covered": 100.0, "percent_covered_display": "100", "missing_lines": 0, "excluded_lines": 0, "percent_statements_covered": 100.0, "percent_statements_covered_display": "100"}, "missing_lines": [], "excluded_lines": []}, "OutputManager.__enter__": {"executed_lines": [261], "summary": {"covered_lines": 1, "num_statements": 1, "percent_covered": 100.0, "percent_covered_display": "100", "missing_lines": 0, "excluded_lines": 0, "percent_statements_covered": 100.0, "percent_statements_covered_display": "100"}, "missing_lines": [], "excluded_lines": []}, "OutputManager.__exit__": {"executed_lines": [265, 266], "summary": {"covered_lines": 2, "num_statements": 2, "percent_covered": 100.0, "percent_covered_display": "100", "missing_lines": 0, "excluded_lines": 0, "percent_statements_covered": 100.0, "percent_statements_covered_display": "100"}, "missing_lines": [], "excluded_lines": []}, "": {"executed_lines": [2, 12, 13, 14, 15, 17, 18, 19, 20, 25, 26, 41, 60, 64, 68, 94, 129, 155, 200, 243, 255, 259, 263], "summary": {"covered_lines": 21, "num_statements": 23, "percent_covered": 91.30434782608695, "percent_covered_display": "91", "missing_lines": 2, "excluded_lines": 0, "percent_statements_covered": 91.30434782608695, "percent_statements_covered_display": "91"}, "missing_lines": [21, 22], "excluded_lines": []}}, "classes": {"OutputManager": {"executed_lines": [55, 56, 57, 58, 62, 66, 83, 84, 86, 88, 89, 91, 92, 111, 112, 114, 116, 123, 124, 126, 127, 144, 145, 147, 149, 150, 152, 153, 172, 173, 175, 178, 194, 195, 197, 198, 217, 219, 220, 221, 222, 223, 225, 226, 227, 229, 230, 231, 241, 253, 257, 261, 265, 266], "summary": {"covered_lines": 54, "num_statements": 63, "percent_covered": 85.71428571428571, "percent_covered_display": "86", "missing_lines": 9, "excluded_lines": 0, "percent_statements_covered": 85.71428571428571, "percent_statements_covered_display": "86"}, "missing_lines": [118, 119, 120, 233, 234, 235, 236, 238, 239], "excluded_lines": []}, "": {"executed_lines": [2, 12, 13, 14, 15, 17, 18, 19, 20, 25, 26, 41, 60, 64, 68, 94, 129, 155, 200, 243, 255, 259, 263], "summary": {"covered_lines": 21, "num_statements": 23, "percent_covered": 91.30434782608695, "percent_covered_display": "91", "missing_lines": 2, "excluded_lines": 0, "percent_statements_covered": 91.30434782608695, "percent_statements_covered_display": "91"}, "missing_lines": [21, 22], "excluded_lines": []}}}, "paddleocr_toolkit\\processors\\__init__.py": {"executed_lines": [2, 4, 5, 6, 15, 21, 26, 31, 38], "summary": {"covered_lines": 8, "num_statements": 8, "percent_covered": 100.0, "percent_covered_display": "100", "missing_lines": 0, "excluded_lines": 0, "percent_statements_covered": 100.0, "percent_statements_covered_display": "100"}, "missing_lines": [], "excluded_lines": [], "functions": {"": {"executed_lines": [2, 4, 5, 6, 15, 21, 26, 31, 38], "summary": {"covered_lines": 8, "num_statements": 8, "percent_covered": 100.0, "percent_covered_display": "100", "missing_lines": 0, "excluded_lines": 0, "percent_statements_covered": 100.0, "percent_statements_covered_display": "100"}, "missing_lines": [], "excluded_lines": []}}, "classes": {"": {"executed_lines": [2, 4, 5, 6, 15, 21, 26, 31, 38], "summary": {"covered_lines": 8, "num_statements": 8, "percent_covered": 100.0, "percent_covered_display": "100", "missing_lines": 0, "excluded_lines": 0, "percent_statements_covered": 100.0, "percent_statements_covered_display": "100"}, "missing_lines": [], "excluded_lines": []}}}, "paddleocr_toolkit\\processors\\batch_processor.py": {"executed_lines": [2, 9, 10, 11, 12, 14, 15, 16, 20, 21, 22, 27, 28, 33, 38, 58, 60, 63, 64, 66, 67, 69, 70, 72, 74, 75, 78, 79, 81, 84, 86, 87, 89, 90, 92, 93, 94, 95, 96, 98, 99, 105, 108, 109, 112, 132, 133, 135, 136, 138, 139, 140, 142, 143, 144, 145, 146, 148, 149, 155, 158, 159, 163, 177, 178, 179, 180, 182, 186, 188, 190, 191, 192, 193, 194, 196, 214, 220, 221, 223, 231, 266, 300, 307, 308, 311, 314], "summary": {"covered_lines": 85, "num_statements": 119, "percent_covered": 71.42857142857143, "percent_covered_display": "71", "missing_lines": 34, "excluded_lines": 0, "percent_statements_covered": 71.42857142857143, "percent_statements_covered_display": "71"}, "missing_lines": [17, 18, 23, 24, 34, 35, 59, 61, 82, 101, 102, 103, 151, 152, 153, 184, 189, 203, 204, 206, 257, 259, 260, 261, 262, 264, 287, 288, 290, 292, 293, 294, 295, 297], "excluded_lines": [], "functions": {"pdf_to_images_parallel": {"executed_lines": [58, 60, 63, 64, 66, 67, 69, 70, 72, 86, 87, 89, 90, 92, 93, 94, 95, 96, 98, 99, 105, 108, 109], "summary": {"covered_lines": 23, "num_statements": 28, "percent_covered": 82.14285714285714, "percent_covered_display": "82", "missing_lines": 5, "excluded_lines": 0, "percent_statements_covered": 82.14285714285714, "percent_statements_covered_display": "82"}, "missing_lines": [59, 61, 101, 102, 103], "excluded_lines": []}, "pdf_to_images_parallel.convert_page": {"executed_lines": [74, 75, 78, 79, 81, 84], "summary": {"covered_lines": 6, "num_statements": 7, "percent_covered": 85.71428571428571, "percent_covered_display": "86", "missing_lines": 1, "excluded_lines": 0, "percent_statements_covered": 85.71428571428571, "percent_statements_covered_display": "86"}, "missing_lines": [82], "excluded_lines": []}, "batch_process_images": {"executed_lines": [132, 133, 135, 136, 138, 139, 140, 142, 143, 144, 145, 146, 148, 149, 155], "summary": {"covered_lines": 15, "num_statements": 18, "percent_covered": 83.33333333333333, "percent_covered_display": "83", "missing_lines": 3, "excluded_lines": 0, "percent_statements_covered": 83.33333333333333, "percent_statements_covered_display": "83"}, "missing_lines": [151, 152, 153], "excluded_lines": []}, "BatchProcessor.__init__": {"executed_lines": 
[...]
, "summary": {"covered_lines": 5, "num_statements": 7, "percent_covered": 71.42857142857143, "percent_covered_display": "71", "missing_lines": 2, "excluded_lines": 0, "percent_statements_covered": 71.42857142857143, "percent_statements_covered_display": "71"}, "missing_lines": [13, 14], "excluded_lines": []}}, "classes": {"": {"executed_lines": [2, 8, 10, 11, 12, 17, 33, 42, 43, 51, 53, 59, 60, 61, 63, 64, 67, 68, 71, 72, 74, 77, 78, 81, 87, 95, 96, 97, 99, 101, 102, 103], "summary": {"covered_lines": 31, "num_statements": 44, "percent_covered": 70.45454545454545, "percent_covered_display": "70", "missing_lines": 13, "excluded_lines": 0, "percent_statements_covered": 70.45454545454545, "percent_statements_covered_display": "70"}, "missing_lines": [13, 14, 34, 54, 55, 56, 82, 83, 84, 88, 89, 90, 91], "excluded_lines": []}}}, "paddleocr_toolkit\\processors\\stats_collector.py": {"executed_lines": [2, 8, 9, 10, 11, 12, 15, 16, 17, 18, 19, 20, 21, 22, 23, 25, 26, 36, 37, 38, 39, 40, 41, 42, 43, 44, 45, 46, 47, 48, 49, 50, 52, 53, 55, 57, 59, 60, 62, 64, 66, 67, 69, 70, 71, 73, 75, 77, 79, 80, 81, 82, 83, 86, 90, 92, 94, 96, 114, 116, 136, 147, 148, 150, 154, 174, 175, 179, 181, 186, 188, 190, 191, 193, 209, 210, 211, 214, 215, 216, 218, 219, 221, 226, 235, 237, 239, 241, 243, 244, 246], "summary": {"covered_lines": 87, "num_statements": 109, "percent_covered": 79.81651376146789, "percent_covered_display": "80", "missing_lines": 22, "excluded_lines": 0, "percent_statements_covered": 79.81651376146789, "percent_statements_covered_display": "80"}, "missing_lines": [56, 63, 87, 88, 137, 142, 143, 144, 145, 152, 162, 164, 165, 166, 168, 169, 171, 220, 222, 223, 224, 248], "excluded_lines": [], "functions": {"PageStats.to_dict": {"executed_lines": [26], "summary": {"covered_lines": 1, "num_statements": 1, "percent_covered": 100.0, "percent_covered_display": "100", "missing_lines": 0, "excluded_lines": 0, "percent_statements_covered": 100.0, "percent_statements_covered_display": "100"}, "missing_lines": [], "excluded_lines": []}, "ProcessingStats.total_time": {"executed_lines": [55, 57], "summary": {"covered_lines": 2, "num_statements": 3, "percent_covered": 66.66666666666667, "percent_covered_display": "67", "missing_lines": 1, "excluded_lines": 0, "percent_statements_covered": 66.66666666666667, "percent_statements_covered_display": "67"}, "missing_lines": [56], "excluded_lines": []}, "ProcessingStats.pages_per_second": {"executed_lines": [62, 64], "summary": {"covered_lines": 2, "num_statements": 3, "percent_covered": 66.66666666666667, "percent_covered_display": "67", "missing_lines": 1, "excluded_lines": 0, "percent_statements_covered": 66.66666666666667, "percent_statements_covered_display": "67"}, "missing_lines": [63], "excluded_lines": []}, "ProcessingStats.chars_per_page": {"executed_lines": [69, 70, 71], "summary": {"covered_lines": 3, "num_statements": 3, "percent_covered": 100.0, "percent_covered_display": "100", "missing_lines": 0, "excluded_lines": 0, "percent_statements_covered": 100.0, "percent_statements_covered_display": "100"}, "missing_lines": [], "excluded_lines": []}, "ProcessingStats.finish": {"executed_lines": [75], "summary": {"covered_lines": 1, "num_statements": 1, "percent_covered": 100.0, "percent_covered_display": "100", "missing_lines": 0, "excluded_lines": 0, "percent_statements_covered": 100.0, "percent_statements_covered_display": "100"}, "missing_lines": [], "excluded_lines": []}, "ProcessingStats.add_page": {"executed_lines": [79, 80, 81, 82, 83, 86], "summary": {"covered_lines": 6, "num_statements": 8, "percent_covered": 75.0, "percent_covered_display": "75", "missing_lines": 2, "excluded_lines": 0, "percent_statements_covered": 75.0, "percent_statements_covered_display": "75"}, "missing_lines": [87, 88], "excluded_lines": []}, "ProcessingStats.add_error": {"executed_lines": [92], "summary": {"covered_lines": 1, "num_statements": 1, "percent_covered": 100.0, "percent_covered_display": "100", "missing_lines": 0, "excluded_lines": 0, "percent_statements_covered": 100.0, "percent_statements_covered_display": "100"}, "missing_lines": [], "excluded_lines": []}, "ProcessingStats.to_dict": {"executed_lines": [96], "summary": {"covered_lines": 1, "num_statements": 1, "percent_covered": 100.0, "percent_covered_display": "100", "missing_lines": 0, "excluded_lines": 0, "percent_statements_covered": 100.0, "percent_statements_covered_display": "100"}, "missing_lines": [], "excluded_lines": []}, "ProcessingStats.to_summary": {"executed_lines": [116, 136, 147, 148], "summary": {"covered_lines": 4, "num_statements": 9, "percent_covered": 44.44444444444444, "percent_covered_display": "44", "missing_lines": 5, "excluded_lines": 0, "percent_statements_covered": 44.44444444444444, "percent_statements_covered_display": "44"}, "missing_lines": [137, 142, 143, 144, 145], "excluded_lines": []}, "ProcessingStats.print_summary": {"executed_lines": [], "summary": {"covered_lines": 0, "num_statements": 1, "percent_covered": 0.0, "percent_covered_display": "0", "missing_lines": 1, "excluded_lines": 0, "percent_statements_covered": 0.0, "percent_statements_covered_display": "0"}, "missing_lines": [152], "excluded_lines": []}, "ProcessingStats.save_report": {"executed_lines": [], "summary": {"covered_lines": 0, "num_statements": 7, "percent_covered": 0.0, "percent_covered_display": "0", "missing_lines": 7, "excluded_lines": 0, "percent_statements_covered": 0.0, "percent_statements_covered_display": "0"}, "missing_lines": [162, 164, 165, 166, 168, 169, 171], "excluded_lines": []}, "StatsCollector.__init__": {"executed_lines": [181, 186], "summary": {"covered_lines": 2, "num_statements": 2, "percent_covered": 100.0, "percent_covered_display": "100", "missing_lines": 0, "excluded_lines": 0, "percent_statements_covered": 100.0, "percent_statements_covered_display": "100"}, "missing_lines": [], "excluded_lines": []}, "StatsCollector.start_page": {"executed_lines": [190, 191], "summary": {"covered_lines": 2, "num_statements": 2, "percent_covered": 100.0, "percent_covered_display": "100", "missing_lines": 0, "excluded_lines": 0, "percent_statements_covered": 100.0, "percent_statements_covered_display": "100"}, "missing_lines": [], "excluded_lines": []}, "StatsCollector.finish_page": {"executed_lines": [209, 210, 211, 214, 215, 216, 218, 219, 221, 226, 235], "summary": {"covered_lines": 11, "num_statements": 15, "percent_covered": 73.33333333333333, "percent_covered_display": "73", "missing_lines": 4, "excluded_lines": 0, "percent_statements_covered": 73.33333333333333, "percent_statements_covered_display": "73"}, "missing_lines": [220, 222, 223, 224], "excluded_lines": []}, "StatsCollector.add_error": {"executed_lines": [239], "summary": {"covered_lines": 1, "num_statements": 1, "percent_covered": 100.0, "percent_covered_display": "100", "missing_lines": 0, "excluded_lines": 0, "percent_statements_covered": 100.0, "percent_statements_covered_display": "100"}, "missing_lines": [], "excluded_lines": []}, "StatsCollector.finish": {"executed_lines": [243, 244], "summary": {"covered_lines": 2, "num_statements": 2, "percent_covered": 100.0, "percent_covered_display": "100", "missing_lines": 0, "excluded_lines": 0, "percent_statements_covered": 100.0, "percent_statements_covered_display": "100"}, "missing_lines": [], "excluded_lines": []}, "StatsCollector.get_stats": {"executed_lines": [], "summary": {"covered_lines": 0, "num_statements": 1, "percent_covered": 0.0, "percent_covered_display": "0", "missing_lines": 1, "excluded_lines": 0, "percent_statements_covered": 0.0, "percent_statements_covered_display": "0"}, "missing_lines": [248], "excluded_lines": []}, "": {"executed_lines": [2, 8, 9, 10, 11, 12, 15, 16, 17, 18, 19, 20, 21, 22, 23, 25, 36, 37, 38, 39, 40, 41, 42, 43, 44, 45, 46, 47, 48, 49, 50, 52, 53, 59, 60, 66, 67, 73, 77, 90, 94, 114, 150, 154, 174, 175, 179, 188, 193, 237, 241, 246], "summary": {"covered_lines": 48, "num_statements": 48, "percent_covered": 100.0, "percent_covered_display": "100", "missing_lines": 0, "excluded_lines": 0, "percent_statements_covered": 100.0, "percent_statements_covered_display": "100"}, "missing_lines": [], "excluded_lines": []}}, "classes": {"PageStats": {"executed_lines": [26], "summary": {"covered_lines": 1, "num_statements": 1, "percent_covered": 100.0, "percent_covered_display": "100", "missing_lines": 0, "excluded_lines": 0, "percent_statements_covered": 100.0, "percent_statements_covered_display": "100"}, "missing_lines": [], "excluded_lines": []}, "ProcessingStats": {"executed_lines": [55, 57, 62, 64, 69, 70, 71, 75, 79, 80, 81, 82, 83, 86, 92, 96, 116, 136, 147, 148], "summary": {"covered_lines": 20, "num_statements": 37, "percent_covered": 54.054054054054056, "percent_covered_display": "54", "missing_lines": 17, "excluded_lines": 0, "percent_statements_covered": 54.054054054054056, "percent_statements_covered_display": "54"}, "missing_lines": [56, 63, 87, 88, 137, 142, 143, 144, 145, 152, 162, 164, 165, 166, 168, 169, 171], "excluded_lines": []}, "StatsCollector": {"executed_lines": [181, 186, 190, 191, 209, 210, 211, 214, 215, 216, 218, 219, 221, 226, 235, 239, 243, 244], "summary": {"covered_lines": 18, "num_statements": 23, "percent_covered": 78.26086956521739, "percent_covered_display": "78", "missing_lines": 5, "excluded_lines": 0, "percent_statements_covered": 78.26086956521739, "percent_statements_covered_display": "78"}, "missing_lines": [220, 222, 223, 224, 248], "excluded_lines": []}, "": {"executed_lines": [2, 8, 9, 10, 11, 12, 15, 16, 17, 18, 19, 20, 21, 22, 23, 25, 36, 37, 38, 39, 40, 41, 42, 43, 44, 45, 46, 47, 48, 49, 50, 52, 53, 59, 60, 66, 67, 73, 77, 90, 94, 114, 150, 154, 174, 175, 179, 188, 193, 237, 241, 246], "summary": {"covered_lines": 48, "num_statements": 48, "percent_covered": 100.0, "percent_covered_display": "100", "missing_lines": 0, "excluded_lines": 0, "percent_statements_covered": 100.0, "percent_statements_covered_display": "100"}, "missing_lines": [], "excluded_lines": []}}}, "paddleocr_toolkit\\processors\\structure_processor.py": {"executed_lines": [2, 12, 13, 15, 16, 21, 22, 32, 44, 45, 47, 64, 66, 68, 74, 75, 76, 77, 80, 81, 82, 84, 86, 87, 88, 90, 92, 94, 104, 106, 107, 108, 109, 110, 111, 116, 117, 118, 120, 122, 132, 139, 140, 141, 142, 143, 144, 145, 146, 147, 148, 149, 155], "summary": {"covered_lines": 51, "num_statements": 56, "percent_covered": 91.07142857142857, "percent_covered_display": "91", "missing_lines": 5, "excluded_lines": 0, "percent_statements_covered": 91.07142857142857, "percent_statements_covered_display": "91"}, "missing_lines": [17, 18, 151, 152, 153], "excluded_lines": [], "functions": {"StructureProcessor.__init__": {"executed_lines": [44, 45], "summary": {"covered_lines": 2, "num_statements": 2, "percent_covered": 100.0, "percent_covered_display": "100", "missing_lines": 0, "excluded_lines": 0, "percent_statements_covered": 100.0, "percent_statements_covered_display": "100"}, "missing_lines": [], "excluded_lines": []}, "StructureProcessor.process": {"executed_lines": [64, 66, 68, 74, 75, 76, 77, 80, 81, 82, 84, 86, 87, 88], "summary": {"covered_lines": 14, "num_statements": 14, "percent_covered": 100.0, "percent_covered_display": "100", "missing_lines": 0, "excluded_lines": 0, "percent_statements_covered": 100.0, "percent_statements_covered_display": "100"}, "missing_lines": [], "excluded_lines": []}, "StructureProcessor._extract_text": {"executed_lines": [92], "summary": {"covered_lines": 1, "num_statements": 1, "percent_covered": 100.0, "percent_covered_display": "100", "missing_lines": 0, "excluded_lines": 0, "percent_statements_covered": 100.0, "percent_statements_covered_display": "100"}, "missing_lines": [], "excluded_lines": []}, "StructureProcessor._extract_tables": {"executed_lines": [104, 106, 107, 108, 109, 110, 111, 116, 117, 118, 120], "summary": {"covered_lines": 11, "num_statements": 11, "percent_covered": 100.0, "percent_covered_display": "100", "missing_lines": 0, "excluded_lines": 0, "percent_statements_covered": 100.0, "percent_statements_covered_display": "100"}, "missing_lines": [], "excluded_lines": []}, "StructureProcessor.analyze_layout": {"executed_lines": [132, 139, 140, 141, 142, 143, 144, 145, 146, 147, 148, 149, 155], "summary": {"covered_lines": 13, "num_statements": 16, "percent_covered": 81.25, "percent_covered_display": "81", "missing_lines": 3, "excluded_lines": 0, "percent_statements_covered": 81.25, "percent_statements_covered_display": "81"}, "missing_lines": [151, 152, 153], "excluded_lines": []}, "": {"executed_lines": [2, 12, 13, 15, 16, 21, 22, 32, 47, 90, 94, 122], "summary": {"covered_lines": 10, "num_statements": 12, "percent_covered": 83.33333333333333, "percent_covered_display": "83", "missing_lines": 2, "excluded_lines": 0, "percent_statements_covered": 83.33333333333333, "percent_statements_covered_display": "83"}, "missing_lines": [17, 18], "excluded_lines": []}}, "classes": {"StructureProcessor": {"executed_lines": [44, 45, 64, 66, 68, 74, 75, 76, 77, 80, 81, 82, 84, 86, 87, 88, 92, 104, 106, 107, 108, 109, 110, 111, 116, 117, 118, 120, 132, 139, 140, 141, 142, 143, 144, 145, 146, 147, 148, 149, 155], "summary": {"covered_lines": 41, "num_statements": 44, "percent_covered": 93.18181818181819, "percent_covered_display": "93", "missing_lines": 3, "excluded_lines": 0, "percent_statements_covered": 93.18181818181819, "percent_statements_covered_display": "93"}, "missing_lines": [151, 152, 153], "excluded_lines": []}, "": {"executed_lines": [2, 12, 13, 15, 16, 21, 22, 32, 47, 90, 94, 122], "summary": {"covered_lines": 10, "num_statements": 12, "percent_covered": 83.33333333333333, "percent_covered_display": "83", "missing_lines": 2, "excluded_lines": 0, "percent_statements_covered": 83.33333333333333, "percent_statements_covered_display": "83"}, "missing_lines": [17, 18], "excluded_lines": []}}}, "paddleocr_toolkit\\processors\\text_processor.py": {"executed_lines": [2, 8, 9, 12, 13, 14, 22, 90, 106, 150, 166, 167, 190, 191, 193, 196, 197, 200, 201, 202, 203, 204, 205, 206, 209, 210, 213, 216, 221, 224, 225, 226, 229, 230, 233, 234, 237, 238, 241, 242, 243, 244, 245, 246, 250, 252, 255, 256, 259, 261], "summary": {"covered_lines": 49, "num_statements": 54, "percent_covered": 90.74074074074075, "percent_covered_display": "91", "missing_lines": 5, "excluded_lines": 0, "percent_statements_covered": 90.74074074074075, "percent_statements_covered_display": "91"}, "missing_lines": [15, 16, 247, 248, 249], "excluded_lines": [], "functions": {"fix_english_spacing": {"executed_lines": [190, 191, 193, 196, 197, 200, 201, 202, 203, 204, 205, 206, 209, 210, 213, 216, 221, 224, 225, 226, 229, 230, 233, 234, 237, 238, 241, 242, 252, 255, 256, 259, 261], "summary": {"covered_lines": 33, "num_statements": 33, "percent_covered": 100.0, "percent_covered_display": "100", "missing_lines": 0, "excluded_lines": 0, "percent_statements_covered": 100.0, "percent_statements_covered_display": "100"}, "missing_lines": [], "excluded_lines": []}, "fix_english_spacing.split_long_words": {"executed_lines": [243, 244, 245, 246, 250], "summary": {"covered_lines": 5, "num_statements": 8, "percent_covered": 62.5, "percent_covered_display": "62", "missing_lines": 3, "excluded_lines": 0, "percent_statements_covered": 62.5, "percent_statements_covered_display": "62"}, "missing_lines": [247, 248, 249], "excluded_lines": []}, "": {"executed_lines": [2, 8, 9, 12, 13, 14, 22, 90, 106, 150, 166, 167], "summary": {"covered_lines": 11, "num_statements": 13, "percent_covered": 84.61538461538461, "percent_covered_display": "85", "missing_lines": 2, "excluded_lines": 0, "percent_statements_covered": 84.61538461538461, "percent_statements_covered_display": "85"}, "missing_lines": [15, 16], "excluded_lines": []}}, "classes": {"": {"executed_lines": [2, 8, 9, 12, 13, 14, 22, 90, 106, 150, 166, 167, 190, 191, 193, 196, 197, 200, 201, 202, 203, 204, 205, 206, 209, 210, 213, 216, 221, 224, 225, 226, 229, 230, 233, 234, 237, 238, 241, 242, 243, 244, 245, 246, 250, 252, 255, 256, 259, 261], "summary": {"covered_lines": 49, "num_statements": 54, "percent_covered": 90.74074074074075, "percent_covered_display": "91", "missing_lines": 5, "excluded_lines": 0, "percent_statements_covered": 90.74074074074075, "percent_statements_covered_display": "91"}, "missing_lines": [15, 16, 247, 248, 249], "excluded_lines": []}}}, "paddleocr_toolkit\\processors\\translation_processor.py": {"executed_lines": [2, 11, 12, 14, 15, 20, 21, 35, 47, 48, 50, 69, 70, 72, 74, 76, 79, 86, 87, 93, 95, 97, 98, 99, 101, 120, 123, 124, 130, 145, 147, 148, 149, 150, 151, 153, 155], "summary": {"covered_lines": 35, "num_statements": 40, "percent_covered": 87.5, "percent_covered_display": "88", "missing_lines": 5, "excluded_lines": 0, "percent_statements_covered": 87.5, "percent_statements_covered_display": "88"}, "missing_lines": [16, 17, 126, 127, 128], "excluded_lines": [], "functions": {"TranslationProcessor.__init__": {"executed_lines": [47, 48], "summary": {"covered_lines": 2, "num_statements": 2, "percent_covered": 100.0, "percent_covered_display": "100", "missing_lines": 0, "excluded_lines": 0, "percent_statements_covered": 100.0, "percent_statements_covered_display": "100"}, "missing_lines": [], "excluded_lines": []}, "TranslationProcessor.process_translation": {"executed_lines": [69, 70, 72, 74, 76, 79, 86, 87, 93, 95, 97, 98, 99], "summary": {"covered_lines": 13, "num_statements": 13, "percent_covered": 100.0, "percent_covered_display": "100", "missing_lines": 0, "excluded_lines": 0, "percent_statements_covered": 100.0, "percent_statements_covered_display": "100"}, "missing_lines": [], "excluded_lines": []}, "TranslationProcessor.generate_bilingual_pdf": {"executed_lines": [120, 123, 124], "summary": {"covered_lines": 3, "num_statements": 6, "percent_covered": 50.0, "percent_covered_display": "50", "missing_lines": 3, "excluded_lines": 0, "percent_statements_covered": 50.0, "percent_statements_covered_display": "50"}, "missing_lines": [126, 127, 128], "excluded_lines": []}, "TranslationProcessor.extract_translation_text": {"executed_lines": [145, 147, 148, 149, 150, 151, 153, 155], "summary": {"covered_lines": 8, "num_statements": 8, "percent_covered": 100.0, "percent_covered_display": "100", "missing_lines": 0, "excluded_lines": 0, "percent_statements_covered": 100.0, "percent_statements_covered_display": "100"}, "missing_lines": [], "excluded_lines": []}, "": {"executed_lines": [2, 11, 12, 14, 15, 20, 21, 35, 50, 101, 130], "summary": {"covered_lines": 9, "num_statements": 11, "percent_covered": 81.81818181818181, "percent_covered_display": "82", "missing_lines": 2, "excluded_lines": 0, "percent_statements_covered": 81.81818181818181, "percent_statements_covered_display": "82"}, "missing_lines": [16, 17], "excluded_lines": []}}, "classes": {"TranslationProcessor": {"executed_lines": [47, 48, 69, 70, 72, 74, 76, 79, 86, 87, 93, 95, 97, 98, 99, 120, 123, 124, 145, 147, 148, 149, 150, 151, 153, 155], "summary": {"covered_lines": 26, "num_statements": 29, "percent_covered": 89.65517241379311, "percent_covered_display": "90", "missing_lines": 3, "excluded_lines": 0, "percent_statements_covered": 89.65517241379311, "percent_statements_covered_display": "90"}, "missing_lines": [126, 127, 128], "excluded_lines": []}, "": {"executed_lines": [2, 11, 12, 14, 15, 20, 21, 35, 50, 101, 130], "summary": {"covered_lines": 9, "num_statements": 11, "percent_covered": 81.81818181818181, "percent_covered_display": "82", "missing_lines": 2, "excluded_lines": 0, "percent_statements_covered": 81.81818181818181, "percent_statements_covered_display": "82"}, "missing_lines": [16, 17], "excluded_lines": []}}}}, "totals": {"covered_lines": 1560, "num_statements": 1970, "percent_covered": 79.18781725888324, "percent_covered_display": "79", "missing_lines": 410, "excluded_lines": 2, "percent_statements_covered": 79.18781725888324, "percent_statements_covered_display": "79"}}